Log file open, 04/16/20 21:32:23
LogWindows: Failed to load 'aqProf.dll' (GetLastError=126)
LogWindows: File 'aqProf.dll' does not exist
LogWindows: Failed to load 'VtuneApi.dll' (GetLastError=126)
LogWindows: File 'VtuneApi.dll' does not exist
LogWindows: Failed to load 'VtuneApi32e.dll' (GetLastError=126)
LogWindows: File 'VtuneApi32e.dll' does not exist
LogConsoleResponse: Display: Failed to find resolution value strings in scalability ini. Falling back to default.
LogInit: Display: Running engine for game: ProjActors
LogPakFile: Registered encryption key '00000000000000000000000000000000': 0 pak files mounted, 0 remain pending
LogPlatformFile: Not using cached read wrapper
LogTaskGraph: Started task graph with 5 named threads and 20 total threads with 3 sets of task threads.
LogStats: Stats thread started at 0.231010
LogD3D11RHI: Loaded GFSDK_Aftermath_Lib.x64.dll
LogICUInternationalization: ICU TimeZone Detection - Raw Offset: -3:00, Platform Override: ''
LogPluginManager: Mounting plugin Paper2D
LogPluginManager: Mounting plugin AISupport
LogPluginManager: Mounting plugin LightPropagationVolume
LogPluginManager: Mounting plugin ActorLayerUtilities
LogPluginManager: Mounting plugin AnimationSharing
LogPluginManager: Mounting plugin CLionSourceCodeAccess
LogPluginManager: Mounting plugin CodeLiteSourceCodeAccess
LogPluginManager: Mounting plugin GitSourceControl
LogPluginManager: Mounting plugin KDevelopSourceCodeAccess
LogPluginManager: Mounting plugin NullSourceCodeAccess
LogPluginManager: Mounting plugin PerforceSourceControl
LogPluginManager: Mounting plugin SubversionSourceControl
LogPluginManager: Mounting plugin UObjectPlugin
LogPluginManager: Mounting plugin VisualStudioCodeSourceCodeAccess
LogPluginManager: Mounting plugin VisualStudioSourceCodeAccess
LogPluginManager: Mounting plugin XCodeSourceCodeAccess
LogPluginManager: Mounting plugin AssetManagerEditor
LogPluginManager: Mounting plugin CryptoKeys
LogPluginManager: Mounting plugin DataValidation
LogPluginManager: Mounting plugin FacialAnimation
LogPluginManager: Mounting plugin GameplayTagsEditor
LogPluginManager: Mounting plugin MacGraphicsSwitching
LogPluginManager: Mounting plugin MaterialAnalyzer
LogPluginManager: Mounting plugin MobileLauncherProfileWizard
LogPluginManager: Mounting plugin PluginBrowser
LogPluginManager: Mounting plugin SpeedTreeImporter
LogPluginManager: Mounting plugin DatasmithContent
LogPluginManager: Mounting plugin VariantManagerContent
LogPluginManager: Mounting plugin AlembicImporter
LogPluginManager: Mounting plugin AppleImageUtils
LogPluginManager: Mounting plugin AppleVision
LogPluginManager: Mounting plugin BackChannel
LogPluginManager: Mounting plugin CharacterAI
LogPluginManager: Mounting plugin GeometryCache
LogPluginManager: Mounting plugin HTML5Networking
LogPluginManager: Mounting plugin ProxyLODPlugin
LogPluginManager: Mounting plugin SkeletalReduction
LogPluginManager: Mounting plugin MagicLeap
LogPluginManager: Mounting plugin MagicLeapMedia
LogPluginManager: Mounting plugin AndroidMedia
LogPluginManager: Mounting plugin AvfMedia
LogPluginManager: Mounting plugin ImgMedia
LogPluginManager: Mounting plugin LinearTimecode
LogPluginManager: Mounting plugin MediaCompositing
LogPluginManager: Mounting plugin MediaPlayerEditor
LogPluginManager: Mounting plugin WebMMedia
LogPluginManager: Mounting plugin WmfMedia
LogPluginManager: Mounting plugin TcpMessaging
LogPluginManager: Mounting plugin UdpMessaging
LogPluginManager: Mounting plugin ActorSequence
LogPluginManager: Mounting plugin LevelSequenceEditor
LogPluginManager: Mounting plugin MatineeToLevelSequence
LogPluginManager: Mounting plugin NetcodeUnitTest
LogPluginManager: Mounting plugin NUTUnrealEngine4
LogPluginManager: Mounting plugin OnlineSubsystemGooglePlay
LogPluginManager: Mounting plugin OnlineSubsystemIOS
LogPluginManager: Mounting plugin OnlineSubsystem
LogPluginManager: Mounting plugin OnlineSubsystemNull
LogPluginManager: Mounting plugin OnlineSubsystemUtils
LogPluginManager: Mounting plugin LauncherChunkInstaller
LogPluginManager: Mounting plugin AndroidDeviceProfileSelector
LogPluginManager: Mounting plugin AndroidMoviePlayer
LogPluginManager: Mounting plugin AndroidPermission
LogPluginManager: Mounting plugin AppleMoviePlayer
LogPluginManager: Mounting plugin ArchVisCharacter
LogPluginManager: Mounting plugin AudioCapture
LogPluginManager: Mounting plugin CableComponent
LogPluginManager: Mounting plugin CustomMeshComponent
LogPluginManager: Mounting plugin EditableMesh
LogPluginManager: Mounting plugin ExampleDeviceProfileSelector
LogPluginManager: Mounting plugin Firebase
LogPluginManager: Mounting plugin GoogleCloudMessaging
LogPluginManager: Mounting plugin IOSDeviceProfileSelector
LogPluginManager: Mounting plugin LinuxDeviceProfileSelector
LogPluginManager: Mounting plugin LocationServicesBPLibrary
LogPluginManager: Mounting plugin MobilePatchingUtils
LogPluginManager: Mounting plugin OculusVR
LogPluginManager: Mounting plugin PhysXVehicles
LogPluginManager: Mounting plugin ProceduralMeshComponent
LogPluginManager: Mounting plugin RuntimePhysXCooking
LogPluginManager: Mounting plugin SignificanceManager
LogPluginManager: Mounting plugin SteamVR
LogPluginManager: Mounting plugin WebMMoviePlayer
LogPluginManager: Mounting plugin WindowsMoviePlayer
LogInit: Using libcurl 7.55.1-DEV
LogInit:  - built for x86_64-pc-win32
LogInit:  - supports SSL with OpenSSL/1.1.1
LogInit:  - supports HTTP deflate (compression) using libz 1.2.8
LogInit:  - other features:
LogInit:      CURL_VERSION_SSL
LogInit:      CURL_VERSION_LIBZ
LogInit:      CURL_VERSION_IPV6
LogInit:      CURL_VERSION_ASYNCHDNS
LogInit:      CURL_VERSION_LARGEFILE
LogInit:      CURL_VERSION_IDN
LogInit:  CurlRequestOptions (configurable via config and command line):
LogInit:  - bVerifyPeer = true  - Libcurl will verify peer certificate
LogInit:  - bUseHttpProxy = false  - Libcurl will NOT use HTTP proxy
LogInit:  - bDontReuseConnections = false  - Libcurl will reuse connections
LogInit:  - MaxHostConnections = 16  - Libcurl will limit the number of connections to a host
LogInit:  - LocalHostAddr = Default
LogInit:  - BufferSize = 65536
LogInit: WinSock: version 1.1 (2.2), MaxSocks=32767, MaxUdp=65467
LogInit: Build: ++UE4+Release-4.22-CL-7053642
LogInit: Engine Version: 4.22.3-7053642+++UE4+Release-4.22
LogInit: Compatible Engine Version: 4.22.0-5660361+++UE4+Release-4.22
LogInit: Net CL: 5660361
LogInit: OS: Windows 10 (Release 1909) (), CPU: Intel(R) Core(TM) i5-8600K CPU @ 3.60GHz, GPU: NVIDIA GeForce GTX 970
LogInit: Compiled (64-bit): Jun 18 2019 03:09:11
LogInit: Compiled with Visual C++: 19.16.27025.01
LogInit: Build Configuration: Development
LogInit: Branch Name: ++UE4+Release-4.22
LogInit: Command Line: 
LogInit: Base Directory: C:/Program Files/Epic Games/UE_4.22/Engine/Binaries/Win64/
LogInit: Installed Engine Build: 1
LogDevObjectVersion: Number of dev versions registered: 23
LogDevObjectVersion:   Dev-Blueprints (B0D832E4-1F89-4F0D-ACCF-7EB736FD4AA2): 10
LogDevObjectVersion:   Dev-Build (E1C64328-A22C-4D53-A36C-8E866417BD8C): 0
LogDevObjectVersion:   Dev-Core (375EC13C-06E4-48FB-B500-84F0262A717E): 3
LogDevObjectVersion:   Dev-Editor (E4B068ED-F494-42E9-A231-DA0B2E46BB41): 30
LogDevObjectVersion:   Dev-Framework (CFFC743F-43B0-4480-9391-14DF171D2073): 35
LogDevObjectVersion:   Dev-Mobile (B02B49B5-BB20-44E9-A304-32B752E40360): 2
LogDevObjectVersion:   Dev-Networking (A4E4105C-59A1-49B5-A7C5-40C4547EDFEE): 0
LogDevObjectVersion:   Dev-Online (39C831C9-5AE6-47DC-9A44-9C173E1C8E7C): 0
LogDevObjectVersion:   Dev-Physics (78F01B33-EBEA-4F98-B9B4-84EACCB95AA2): 0
LogDevObjectVersion:   Dev-Platform (6631380F-2D4D-43E0-8009-CF276956A95A): 0
LogDevObjectVersion:   Dev-Rendering (12F88B9F-8875-4AFC-A67C-D90C383ABD29): 28
LogDevObjectVersion:   Dev-Sequencer (7B5AE74C-D270-4C10-A958-57980B212A5A): 11
LogDevObjectVersion:   Dev-VR (D7296918-1DD6-4BDD-9DE2-64A83CC13884): 2
LogDevObjectVersion:   Dev-LoadTimes (C2A15278-BFE7-4AFE-6C17-90FF531DF755): 1
LogDevObjectVersion:   Private-Geometry (6EACA3D4-40EC-4CC1-B786-8BED09428FC5): 3
LogDevObjectVersion:   Dev-AnimPhys (29E575DD-E0A3-4627-9D10-D276232CDCEA): 17
LogDevObjectVersion:   Dev-Anim (AF43A65D-7FD3-4947-9873-3E8ED9C1BB05): 2
LogDevObjectVersion:   Dev-ReflectionCapture (6B266CEC-1EC7-4B8F-A30B-E4D90942FC07): 1
LogDevObjectVersion:   Dev-Automation (0DF73D61-A23F-47EA-B727-89E90C41499A): 1
LogDevObjectVersion:   FortniteMain (601D1886-AC64-4F84-AA16-D3DE0DEAC7D6): 25
LogDevObjectVersion:   Dev-Enterprise (9DFFBCD6-494F-0158-E221-12823C92A888): 6
LogDevObjectVersion:   Dev-Niagara (F2AED0AC-9AFE-416F-8664-AA7FFA26D6FC): 1
LogDevObjectVersion:   Dev-Destruction (174F1F0B-B4C6-45A5-B13F-2EE8D0FB917D): 2
LogInit: Presizing for max 16777216 objects, including 0 objects not considered by GC, pre-allocating 0 bytes for permanent pool.
LogInit: Object subsystem initialized
LogConfig: Setting CVar [[con.DebugEarlyDefault:1]]
LogConfig: Setting CVar [[r.setres:1280x720]]
[2020.04.17-00.32.23:535][  0]LogConfig: Setting CVar [[r.VSync:0]]
[2020.04.17-00.32.23:535][  0]LogConfig: Setting CVar [[r.RHICmdBypass:0]]
[2020.04.17-00.32.23:535][  0]LogConfig: Applying CVar settings from Section [/Script/Engine.RendererSettings] File [E:/Git/UnrealStudies/Games/ProjActors/Saved/Config/Windows/Engine.ini]
[2020.04.17-00.32.23:535][  0]LogConfig: Setting CVar [[r.GPUCrashDebugging:0]]
[2020.04.17-00.32.23:535][  0]LogConfig: Setting CVar [[r.DefaultFeature.AutoExposure.ExtendDefaultLuminanceRange:1]]
[2020.04.17-00.32.23:535][  0]LogConfig: Applying CVar settings from Section [/Script/Engine.RendererOverrideSettings] File [E:/Git/UnrealStudies/Games/ProjActors/Saved/Config/Windows/Engine.ini]
[2020.04.17-00.32.23:535][  0]LogConfig: Applying CVar settings from Section [/Script/Engine.StreamingSettings] File [E:/Git/UnrealStudies/Games/ProjActors/Saved/Config/Windows/Engine.ini]
[2020.04.17-00.32.23:535][  0]LogConfig: Setting CVar [[s.MinBulkDataSizeForAsyncLoading:131072]]
[2020.04.17-00.32.23:535][  0]LogConfig: Setting CVar [[s.AsyncLoadingThreadEnabled:0]]
[2020.04.17-00.32.23:535][  0]LogConfig: Setting CVar [[s.EventDrivenLoaderEnabled:1]]
[2020.04.17-00.32.23:535][  0]LogConfig: Setting CVar [[s.WarnIfTimeLimitExceeded:0]]
[2020.04.17-00.32.23:535][  0]LogConfig: Setting CVar [[s.TimeLimitExceededMultiplier:1.5]]
[2020.04.17-00.32.23:535][  0]LogConfig: Setting CVar [[s.TimeLimitExceededMinTime:0.005]]
[2020.04.17-00.32.23:535][  0]LogConfig: Setting CVar [[s.UseBackgroundLevelStreaming:1]]
[2020.04.17-00.32.23:535][  0]LogConfig: Setting CVar [[s.PriorityAsyncLoadingExtraTime:15.0]]
[2020.04.17-00.32.23:535][  0]LogConfig: Setting CVar [[s.LevelStreamingActorsUpdateTimeLimit:5.0]]
[2020.04.17-00.32.23:535][  0]LogConfig: Setting CVar [[s.PriorityLevelStreamingActorsUpdateExtraTime:5.0]]
[2020.04.17-00.32.23:535][  0]LogConfig: Setting CVar [[s.LevelStreamingComponentsRegistrationGranularity:10]]
[2020.04.17-00.32.23:535][  0]LogConfig: Setting CVar [[s.UnregisterComponentsTimeLimit:1.0]]
[2020.04.17-00.32.23:535][  0]LogConfig: Setting CVar [[s.LevelStreamingComponentsUnregistrationGranularity:5]]
[2020.04.17-00.32.23:535][  0]LogConfig: Applying CVar settings from Section [/Script/Engine.GarbageCollectionSettings] File [E:/Git/UnrealStudies/Games/ProjActors/Saved/Config/Windows/Engine.ini]
[2020.04.17-00.32.23:535][  0]LogConfig: Setting CVar [[gc.MaxObjectsNotConsideredByGC:1]]
[2020.04.17-00.32.23:535][  0]LogConfig: Setting CVar [[gc.SizeOfPermanentObjectPool:0]]
[2020.04.17-00.32.23:535][  0]LogConfig: Setting CVar [[gc.FlushStreamingOnGC:0]]
[2020.04.17-00.32.23:536][  0]LogConfig: Setting CVar [[gc.NumRetriesBeforeForcingGC:10]]
[2020.04.17-00.32.23:536][  0]LogConfig: Setting CVar [[gc.AllowParallelGC:1]]
[2020.04.17-00.32.23:536][  0]LogConfig: Setting CVar [[gc.TimeBetweenPurgingPendingKillObjects:61.1]]
[2020.04.17-00.32.23:536][  0]LogConfig: Setting CVar [[gc.MaxObjectsInEditor:16777216]]
[2020.04.17-00.32.23:536][  0]LogConfig: Setting CVar [[gc.IncrementalBeginDestroyEnabled:1]]
[2020.04.17-00.32.23:536][  0]LogConfig: Setting CVar [[gc.CreateGCClusters:1]]
[2020.04.17-00.32.23:536][  0]LogConfig: Setting CVar [[gc.MinGCClusterSize:5]]
[2020.04.17-00.32.23:536][  0]LogConfig: Setting CVar [[gc.ActorClusteringEnabled:0]]
[2020.04.17-00.32.23:536][  0]LogConfig: Setting CVar [[gc.BlueprintClusteringEnabled:0]]
[2020.04.17-00.32.23:536][  0]LogConfig: Setting CVar [[gc.UseDisregardForGCOnDedicatedServers:0]]
[2020.04.17-00.32.23:536][  0]LogConfig: Applying CVar settings from Section [/Script/Engine.NetworkSettings] File [E:/Git/UnrealStudies/Games/ProjActors/Saved/Config/Windows/Engine.ini]
[2020.04.17-00.32.23:536][  0]LogConfig: Applying CVar settings from Section [/Script/UnrealEd.CookerSettings] File [E:/Git/UnrealStudies/Games/ProjActors/Saved/Config/Windows/Engine.ini]
[2020.04.17-00.32.23:539][  0]LogConfig: Applying CVar settings from Section [ViewDistanceQuality@3] File [E:/Git/UnrealStudies/Games/ProjActors/Saved/Config/Windows/Scalability.ini]
[2020.04.17-00.32.23:539][  0]LogConfig: Setting CVar [[r.SkeletalMeshLODBias:0]]
[2020.04.17-00.32.23:539][  0]LogConfig: Setting CVar [[r.ViewDistanceScale:1.0]]
[2020.04.17-00.32.23:539][  0]LogConfig: Applying CVar settings from Section [AntiAliasingQuality@3] File [E:/Git/UnrealStudies/Games/ProjActors/Saved/Config/Windows/Scalability.ini]
[2020.04.17-00.32.23:539][  0]LogConfig: Setting CVar [[r.PostProcessAAQuality:4]]
[2020.04.17-00.32.23:539][  0]LogConfig: Applying CVar settings from Section [ShadowQuality@3] File [E:/Git/UnrealStudies/Games/ProjActors/Saved/Config/Windows/Scalability.ini]
[2020.04.17-00.32.23:539][  0]LogConfig: Setting CVar [[r.LightFunctionQuality:1]]
[2020.04.17-00.32.23:539][  0]LogConfig: Setting CVar [[r.ShadowQuality:5]]
[2020.04.17-00.32.23:539][  0]LogConfig: Setting CVar [[r.Shadow.CSM.MaxCascades:10]]
[2020.04.17-00.32.23:539][  0]LogConfig: Setting CVar [[r.Shadow.MaxResolution:2048]]
[2020.04.17-00.32.23:539][  0]LogConfig: Setting CVar [[r.Shadow.MaxCSMResolution:2048]]
[2020.04.17-00.32.23:539][  0]LogConfig: Setting CVar [[r.Shadow.RadiusThreshold:0.01]]
[2020.04.17-00.32.23:539][  0]LogConfig: Setting CVar [[r.Shadow.DistanceScale:1.0]]
[2020.04.17-00.32.23:539][  0]LogConfig: Setting CVar [[r.Shadow.CSM.TransitionScale:1.0]]
[2020.04.17-00.32.23:539][  0]LogConfig: Setting CVar [[r.Shadow.PreShadowResolutionFactor:1.0]]
[2020.04.17-00.32.23:539][  0]LogConfig: Setting CVar [[r.DistanceFieldShadowing:1]]
[2020.04.17-00.32.23:539][  0]LogConfig: Setting CVar [[r.DistanceFieldAO:1]]
[2020.04.17-00.32.23:539][  0]LogConfig: Setting CVar [[r.AOQuality:2]]
[2020.04.17-00.32.23:539][  0]LogConfig: Setting CVar [[r.VolumetricFog:1]]
[2020.04.17-00.32.23:539][  0]LogConfig: Setting CVar [[r.VolumetricFog.GridPixelSize:8]]
[2020.04.17-00.32.23:539][  0]LogConfig: Setting CVar [[r.VolumetricFog.GridSizeZ:128]]
[2020.04.17-00.32.23:539][  0]LogConfig: Setting CVar [[r.VolumetricFog.HistoryMissSupersampleCount:4]]
[2020.04.17-00.32.23:539][  0]LogConfig: Setting CVar [[r.LightMaxDrawDistanceScale:1]]
[2020.04.17-00.32.23:539][  0]LogConfig: Setting CVar [[r.CapsuleShadows:1]]
[2020.04.17-00.32.23:539][  0]LogConfig: Applying CVar settings from Section [PostProcessQuality@3] File [E:/Git/UnrealStudies/Games/ProjActors/Saved/Config/Windows/Scalability.ini]
[2020.04.17-00.32.23:539][  0]LogConfig: Setting CVar [[r.MotionBlurQuality:4]]
[2020.04.17-00.32.23:539][  0]LogConfig: Setting CVar [[r.AmbientOcclusionMipLevelFactor:0.4]]
[2020.04.17-00.32.23:539][  0]LogConfig: Setting CVar [[r.AmbientOcclusionMaxQuality:100]]
[2020.04.17-00.32.23:539][  0]LogConfig: Setting CVar [[r.AmbientOcclusionLevels:-1]]
[2020.04.17-00.32.23:539][  0]LogConfig: Setting CVar [[r.AmbientOcclusionRadiusScale:1.0]]
[2020.04.17-00.32.23:539][  0]LogConfig: Setting CVar [[r.DepthOfFieldQuality:2]]
[2020.04.17-00.32.23:539][  0]LogConfig: Setting CVar [[r.RenderTargetPoolMin:400]]
[2020.04.17-00.32.23:539][  0]LogConfig: Setting CVar [[r.LensFlareQuality:2]]
[2020.04.17-00.32.23:539][  0]LogConfig: Setting CVar [[r.SceneColorFringeQuality:1]]
[2020.04.17-00.32.23:539][  0]LogConfig: Setting CVar [[r.EyeAdaptationQuality:2]]
[2020.04.17-00.32.23:539][  0]LogConfig: Setting CVar [[r.BloomQuality:5]]
[2020.04.17-00.32.23:539][  0]LogConfig: Setting CVar [[r.FastBlurThreshold:100]]
[2020.04.17-00.32.23:539][  0]LogConfig: Setting CVar [[r.Upscale.Quality:3]]
[2020.04.17-00.32.23:539][  0]LogConfig: Setting CVar [[r.Tonemapper.GrainQuantization:1]]
[2020.04.17-00.32.23:539][  0]LogConfig: Setting CVar [[r.LightShaftQuality:1]]
[2020.04.17-00.32.23:539][  0]LogConfig: Setting CVar [[r.Filter.SizeScale:1]]
[2020.04.17-00.32.23:539][  0]LogConfig: Setting CVar [[r.Tonemapper.Quality:5]]
[2020.04.17-00.32.23:539][  0]LogConfig: Setting CVar [[r.DOF.Gather.AccumulatorQuality:1        ; higher gathering accumulator quality]]
[2020.04.17-00.32.23:539][  0]LogConfig: Setting CVar [[r.DOF.Gather.PostfilterMethod:1          ; Median3x3 postfilering method]]
[2020.04.17-00.32.23:539][  0]LogConfig: Setting CVar [[r.DOF.Gather.EnableBokehSettings:0       ; no bokeh simulation when gathering]]
[2020.04.17-00.32.23:539][  0]LogConfig: Setting CVar [[r.DOF.Gather.RingCount:4                 ; medium number of samples when gathering]]
[2020.04.17-00.32.23:539][  0]LogConfig: Setting CVar [[r.DOF.Scatter.ForegroundCompositing:1    ; additive foreground scattering]]
[2020.04.17-00.32.23:539][  0]LogConfig: Setting CVar [[r.DOF.Scatter.BackgroundCompositing:2    ; additive background scattering]]
[2020.04.17-00.32.23:539][  0]LogConfig: Setting CVar [[r.DOF.Scatter.EnableBokehSettings:1      ; bokeh simulation when scattering]]
[2020.04.17-00.32.23:539][  0]LogConfig: Setting CVar [[r.DOF.Scatter.MaxSpriteRatio:0.1         ; only a maximum of 10% of scattered bokeh]]
[2020.04.17-00.32.23:539][  0]LogConfig: Setting CVar [[r.DOF.Recombine.Quality:1                ; cheap slight out of focus]]
[2020.04.17-00.32.23:539][  0]LogConfig: Setting CVar [[r.DOF.Recombine.EnableBokehSettings:0    ; no bokeh simulation on slight out of focus]]
[2020.04.17-00.32.23:539][  0]LogConfig: Setting CVar [[r.DOF.TemporalAAQuality:1                ; more stable temporal accumulation]]
[2020.04.17-00.32.23:539][  0]LogConfig: Setting CVar [[r.DOF.Kernel.MaxForegroundRadius:0.025]]
[2020.04.17-00.32.23:539][  0]LogConfig: Setting CVar [[r.DOF.Kernel.MaxBackgroundRadius:0.025]]
[2020.04.17-00.32.23:539][  0]LogConfig: Applying CVar settings from Section [TextureQuality@3] File [E:/Git/UnrealStudies/Games/ProjActors/Saved/Config/Windows/Scalability.ini]
[2020.04.17-00.32.23:539][  0]LogConfig: Setting CVar [[r.Streaming.MipBias:0]]
[2020.04.17-00.32.23:539][  0]LogConfig: Setting CVar [[r.Streaming.AmortizeCPUToGPUCopy:0]]
[2020.04.17-00.32.23:540][  0]LogConfig: Setting CVar [[r.Streaming.MaxNumTexturesToStreamPerFrame:0]]
[2020.04.17-00.32.23:540][  0]LogConfig: Setting CVar [[r.Streaming.Boost:1]]
[2020.04.17-00.32.23:540][  0]LogConfig: Setting CVar [[r.MaxAnisotropy:8]]
[2020.04.17-00.32.23:540][  0]LogConfig: Setting CVar [[r.Streaming.LimitPoolSizeToVRAM:0]]
[2020.04.17-00.32.23:540][  0]LogConfig: Setting CVar [[r.Streaming.PoolSize:1000]]
[2020.04.17-00.32.23:540][  0]LogConfig: Setting CVar [[r.Streaming.MaxEffectiveScreenSize:0]]
[2020.04.17-00.32.23:540][  0]LogConfig: Applying CVar settings from Section [EffectsQuality@3] File [E:/Git/UnrealStudies/Games/ProjActors/Saved/Config/Windows/Scalability.ini]
[2020.04.17-00.32.23:540][  0]LogConfig: Setting CVar [[r.TranslucencyLightingVolumeDim:64]]
[2020.04.17-00.32.23:540][  0]LogConfig: Setting CVar [[r.RefractionQuality:2]]
[2020.04.17-00.32.23:540][  0]LogConfig: Setting CVar [[r.SSR.Quality:3]]
[2020.04.17-00.32.23:540][  0]LogConfig: Setting CVar [[r.SceneColorFormat:4]]
[2020.04.17-00.32.23:540][  0]LogConfig: Setting CVar [[r.DetailMode:2]]
[2020.04.17-00.32.23:540][  0]LogConfig: Setting CVar [[r.TranslucencyVolumeBlur:1]]
[2020.04.17-00.32.23:540][  0]LogConfig: Setting CVar [[r.MaterialQualityLevel:1 ; High quality]]
[2020.04.17-00.32.23:540][  0]LogConfig: Setting CVar [[r.SSS.Scale:1]]
[2020.04.17-00.32.23:540][  0]LogConfig: Setting CVar [[r.SSS.SampleSet:2]]
[2020.04.17-00.32.23:540][  0]LogConfig: Setting CVar [[r.SSS.Quality:1]]
[2020.04.17-00.32.23:540][  0]LogConfig: Setting CVar [[r.SSS.HalfRes:1]]
[2020.04.17-00.32.23:540][  0]LogConfig: Setting CVar [[r.EmitterSpawnRateScale:1.0]]
[2020.04.17-00.32.23:540][  0]LogConfig: Setting CVar [[r.ParticleLightQuality:2]]
[2020.04.17-00.32.23:540][  0]LogConfig: Applying CVar settings from Section [FoliageQuality@3] File [E:/Git/UnrealStudies/Games/ProjActors/Saved/Config/Windows/Scalability.ini]
[2020.04.17-00.32.23:540][  0]LogConfig: Setting CVar [[foliage.DensityScale:1.0]]
[2020.04.17-00.32.23:540][  0]LogConfig: Setting CVar [[grass.DensityScale:1.0]]
[2020.04.17-00.32.23:540][  0]LogInit: Selected Device Profile: [Windows]
[2020.04.17-00.32.23:540][  0]LogInit: Applying CVar settings loaded from the selected device profile: [Windows]
[2020.04.17-00.32.23:555][  0]LogHAL: Display: Platform has ~ 32 GB [34247086080 / 34359738368 / 32], which maps to Largest [LargestMinGB=32, LargerMinGB=12, DefaultMinGB=8, SmallerMinGB=6, SmallestMinGB=0)
[2020.04.17-00.32.23:555][  0]LogConfig: Setting CVar [[r.Vulkan.UseRealUBs:0		; Required until we fix HLR fall-out]]
[2020.04.17-00.32.23:555][  0]LogInit: Going up to parent DeviceProfile []
[2020.04.17-00.32.23:555][  0]LogConfig: Applying CVar settings from Section [ViewDistanceQuality@3] File [E:/Git/UnrealStudies/Games/ProjActors/Saved/Config/Windows/Scalability.ini]
[2020.04.17-00.32.23:555][  0]LogConfig: Setting CVar [[r.SkeletalMeshLODBias:0]]
[2020.04.17-00.32.23:555][  0]LogConfig: Setting CVar [[r.ViewDistanceScale:1.0]]
[2020.04.17-00.32.23:555][  0]LogConfig: Applying CVar settings from Section [AntiAliasingQuality@3] File [E:/Git/UnrealStudies/Games/ProjActors/Saved/Config/Windows/Scalability.ini]
[2020.04.17-00.32.23:555][  0]LogConfig: Setting CVar [[r.PostProcessAAQuality:4]]
[2020.04.17-00.32.23:555][  0]LogConfig: Applying CVar settings from Section [ShadowQuality@3] File [E:/Git/UnrealStudies/Games/ProjActors/Saved/Config/Windows/Scalability.ini]
[2020.04.17-00.32.23:555][  0]LogConfig: Setting CVar [[r.LightFunctionQuality:1]]
[2020.04.17-00.32.23:555][  0]LogConfig: Setting CVar [[r.ShadowQuality:5]]
[2020.04.17-00.32.23:555][  0]LogConfig: Setting CVar [[r.Shadow.CSM.MaxCascades:10]]
[2020.04.17-00.32.23:555][  0]LogConfig: Setting CVar [[r.Shadow.MaxResolution:2048]]
[2020.04.17-00.32.23:555][  0]LogConfig: Setting CVar [[r.Shadow.MaxCSMResolution:2048]]
[2020.04.17-00.32.23:555][  0]LogConfig: Setting CVar [[r.Shadow.RadiusThreshold:0.01]]
[2020.04.17-00.32.23:556][  0]LogConfig: Setting CVar [[r.Shadow.DistanceScale:1.0]]
[2020.04.17-00.32.23:556][  0]LogConfig: Setting CVar [[r.Shadow.CSM.TransitionScale:1.0]]
[2020.04.17-00.32.23:556][  0]LogConfig: Setting CVar [[r.Shadow.PreShadowResolutionFactor:1.0]]
[2020.04.17-00.32.23:556][  0]LogConfig: Setting CVar [[r.DistanceFieldShadowing:1]]
[2020.04.17-00.32.23:556][  0]LogConfig: Setting CVar [[r.DistanceFieldAO:1]]
[2020.04.17-00.32.23:556][  0]LogConfig: Setting CVar [[r.AOQuality:2]]
[2020.04.17-00.32.23:556][  0]LogConfig: Setting CVar [[r.VolumetricFog:1]]
[2020.04.17-00.32.23:556][  0]LogConfig: Setting CVar [[r.VolumetricFog.GridPixelSize:8]]
[2020.04.17-00.32.23:556][  0]LogConfig: Setting CVar [[r.VolumetricFog.GridSizeZ:128]]
[2020.04.17-00.32.23:556][  0]LogConfig: Setting CVar [[r.VolumetricFog.HistoryMissSupersampleCount:4]]
[2020.04.17-00.32.23:556][  0]LogConfig: Setting CVar [[r.LightMaxDrawDistanceScale:1]]
[2020.04.17-00.32.23:556][  0]LogConfig: Setting CVar [[r.CapsuleShadows:1]]
[2020.04.17-00.32.23:556][  0]LogConfig: Applying CVar settings from Section [PostProcessQuality@3] File [E:/Git/UnrealStudies/Games/ProjActors/Saved/Config/Windows/Scalability.ini]
[2020.04.17-00.32.23:556][  0]LogConfig: Setting CVar [[r.MotionBlurQuality:4]]
[2020.04.17-00.32.23:556][  0]LogConfig: Setting CVar [[r.AmbientOcclusionMipLevelFactor:0.4]]
[2020.04.17-00.32.23:556][  0]LogConfig: Setting CVar [[r.AmbientOcclusionMaxQuality:100]]
[2020.04.17-00.32.23:556][  0]LogConfig: Setting CVar [[r.AmbientOcclusionLevels:-1]]
[2020.04.17-00.32.23:556][  0]LogConfig: Setting CVar [[r.AmbientOcclusionRadiusScale:1.0]]
[2020.04.17-00.32.23:556][  0]LogConfig: Setting CVar [[r.DepthOfFieldQuality:2]]
[2020.04.17-00.32.23:556][  0]LogConfig: Setting CVar [[r.RenderTargetPoolMin:400]]
[2020.04.17-00.32.23:556][  0]LogConfig: Setting CVar [[r.LensFlareQuality:2]]
[2020.04.17-00.32.23:556][  0]LogConfig: Setting CVar [[r.SceneColorFringeQuality:1]]
[2020.04.17-00.32.23:556][  0]LogConfig: Setting CVar [[r.EyeAdaptationQuality:2]]
[2020.04.17-00.32.23:556][  0]LogConfig: Setting CVar [[r.BloomQuality:5]]
[2020.04.17-00.32.23:556][  0]LogConfig: Setting CVar [[r.FastBlurThreshold:100]]
[2020.04.17-00.32.23:556][  0]LogConfig: Setting CVar [[r.Upscale.Quality:3]]
[2020.04.17-00.32.23:556][  0]LogConfig: Setting CVar [[r.Tonemapper.GrainQuantization:1]]
[2020.04.17-00.32.23:556][  0]LogConfig: Setting CVar [[r.LightShaftQuality:1]]
[2020.04.17-00.32.23:556][  0]LogConfig: Setting CVar [[r.Filter.SizeScale:1]]
[2020.04.17-00.32.23:556][  0]LogConfig: Setting CVar [[r.Tonemapper.Quality:5]]
[2020.04.17-00.32.23:556][  0]LogConfig: Setting CVar [[r.DOF.Gather.AccumulatorQuality:1        ; higher gathering accumulator quality]]
[2020.04.17-00.32.23:556][  0]LogConfig: Setting CVar [[r.DOF.Gather.PostfilterMethod:1          ; Median3x3 postfilering method]]
[2020.04.17-00.32.23:556][  0]LogConfig: Setting CVar [[r.DOF.Gather.EnableBokehSettings:0       ; no bokeh simulation when gathering]]
[2020.04.17-00.32.23:556][  0]LogConfig: Setting CVar [[r.DOF.Gather.RingCount:4                 ; medium number of samples when gathering]]
[2020.04.17-00.32.23:556][  0]LogConfig: Setting CVar [[r.DOF.Scatter.ForegroundCompositing:1    ; additive foreground scattering]]
[2020.04.17-00.32.23:556][  0]LogConfig: Setting CVar [[r.DOF.Scatter.BackgroundCompositing:2    ; additive background scattering]]
[2020.04.17-00.32.23:556][  0]LogConfig: Setting CVar [[r.DOF.Scatter.EnableBokehSettings:1      ; bokeh simulation when scattering]]
[2020.04.17-00.32.23:556][  0]LogConfig: Setting CVar [[r.DOF.Scatter.MaxSpriteRatio:0.1         ; only a maximum of 10% of scattered bokeh]]
[2020.04.17-00.32.23:556][  0]LogConfig: Setting CVar [[r.DOF.Recombine.Quality:1                ; cheap slight out of focus]]
[2020.04.17-00.32.23:556][  0]LogConfig: Setting CVar [[r.DOF.Recombine.EnableBokehSettings:0    ; no bokeh simulation on slight out of focus]]
[2020.04.17-00.32.23:556][  0]LogConfig: Setting CVar [[r.DOF.TemporalAAQuality:1                ; more stable temporal accumulation]]
[2020.04.17-00.32.23:556][  0]LogConfig: Setting CVar [[r.DOF.Kernel.MaxForegroundRadius:0.025]]
[2020.04.17-00.32.23:556][  0]LogConfig: Setting CVar [[r.DOF.Kernel.MaxBackgroundRadius:0.025]]
[2020.04.17-00.32.23:556][  0]LogConfig: Applying CVar settings from Section [TextureQuality@3] File [E:/Git/UnrealStudies/Games/ProjActors/Saved/Config/Windows/Scalability.ini]
[2020.04.17-00.32.23:556][  0]LogConfig: Setting CVar [[r.Streaming.MipBias:0]]
[2020.04.17-00.32.23:556][  0]LogConfig: Setting CVar [[r.Streaming.AmortizeCPUToGPUCopy:0]]
[2020.04.17-00.32.23:556][  0]LogConfig: Setting CVar [[r.Streaming.MaxNumTexturesToStreamPerFrame:0]]
[2020.04.17-00.32.23:556][  0]LogConfig: Setting CVar [[r.Streaming.Boost:1]]
[2020.04.17-00.32.23:556][  0]LogConfig: Setting CVar [[r.MaxAnisotropy:8]]
[2020.04.17-00.32.23:556][  0]LogConfig: Setting CVar [[r.Streaming.LimitPoolSizeToVRAM:0]]
[2020.04.17-00.32.23:556][  0]LogConfig: Setting CVar [[r.Streaming.PoolSize:1000]]
[2020.04.17-00.32.23:556][  0]LogConfig: Setting CVar [[r.Streaming.MaxEffectiveScreenSize:0]]
[2020.04.17-00.32.23:556][  0]LogConfig: Applying CVar settings from Section [EffectsQuality@3] File [E:/Git/UnrealStudies/Games/ProjActors/Saved/Config/Windows/Scalability.ini]
[2020.04.17-00.32.23:556][  0]LogConfig: Setting CVar [[r.TranslucencyLightingVolumeDim:64]]
[2020.04.17-00.32.23:556][  0]LogConfig: Setting CVar [[r.RefractionQuality:2]]
[2020.04.17-00.32.23:556][  0]LogConfig: Setting CVar [[r.SSR.Quality:3]]
[2020.04.17-00.32.23:556][  0]LogConfig: Setting CVar [[r.SceneColorFormat:4]]
[2020.04.17-00.32.23:556][  0]LogConfig: Setting CVar [[r.DetailMode:2]]
[2020.04.17-00.32.23:556][  0]LogConfig: Setting CVar [[r.TranslucencyVolumeBlur:1]]
[2020.04.17-00.32.23:556][  0]LogConfig: Setting CVar [[r.MaterialQualityLevel:1 ; High quality]]
[2020.04.17-00.32.23:556][  0]LogConfig: Setting CVar [[r.SSS.Scale:1]]
[2020.04.17-00.32.23:556][  0]LogConfig: Setting CVar [[r.SSS.SampleSet:2]]
[2020.04.17-00.32.23:556][  0]LogConfig: Setting CVar [[r.SSS.Quality:1]]
[2020.04.17-00.32.23:556][  0]LogConfig: Setting CVar [[r.SSS.HalfRes:1]]
[2020.04.17-00.32.23:556][  0]LogConfig: Setting CVar [[r.EmitterSpawnRateScale:1.0]]
[2020.04.17-00.32.23:556][  0]LogConfig: Setting CVar [[r.ParticleLightQuality:2]]
[2020.04.17-00.32.23:556][  0]LogConfig: Applying CVar settings from Section [FoliageQuality@3] File [E:/Git/UnrealStudies/Games/ProjActors/Saved/Config/Windows/Scalability.ini]
[2020.04.17-00.32.23:556][  0]LogConfig: Setting CVar [[foliage.DensityScale:1.0]]
[2020.04.17-00.32.23:556][  0]LogConfig: Setting CVar [[grass.DensityScale:1.0]]
[2020.04.17-00.32.23:556][  0]LogConfig: Applying CVar settings from Section [Startup] File [../../../Engine/Config/ConsoleVariables.ini]
[2020.04.17-00.32.23:556][  0]LogConfig: Setting CVar [[net.UseAdaptiveNetUpdateFrequency:0]]
[2020.04.17-00.32.23:556][  0]LogConfig: Setting CVar [[p.chaos.AllowCreatePhysxBodies:1]]
[2020.04.17-00.32.23:556][  0]LogConfig: Applying CVar settings from Section [ConsoleVariables] File [E:/Git/UnrealStudies/Games/ProjActors/Saved/Config/Windows/Engine.ini]
[2020.04.17-00.32.23:557][  0]LogInit: Computer: DESKTOP-QS8PFSE
[2020.04.17-00.32.23:557][  0]LogInit: User: lgpi
[2020.04.17-00.32.23:557][  0]LogInit: CPU Page size=4096, Cores=6
[2020.04.17-00.32.23:557][  0]LogInit: High frequency timer resolution =10.000000 MHz
[2020.04.17-00.32.23:557][  0]LogMemory: Memory total: Physical=31.9GB (32GB approx)
[2020.04.17-00.32.23:557][  0]LogMemory: Platform Memory Stats for Windows
[2020.04.17-00.32.23:557][  0]LogMemory: Process Physical Memory: 96.66 MB used, 96.66 MB peak
[2020.04.17-00.32.23:557][  0]LogMemory: Process Virtual Memory: 84.34 MB used, 84.34 MB peak
[2020.04.17-00.32.23:557][  0]LogMemory: Physical Memory: 8815.14 MB used,  23845.43 MB free, 32660.57 MB total
[2020.04.17-00.32.23:557][  0]LogMemory: Virtual Memory: 4634.61 MB used,  134213096.00 MB free, 134217728.00 MB total
[2020.04.17-00.32.23:574][  0]LogInit: Overriding language with editor language configuration option (en).
[2020.04.17-00.32.23:574][  0]LogInit: Overriding locale with editor locale configuration option (en).
[2020.04.17-00.32.23:707][  0]LogInit: Setting process to per monitor DPI aware
[2020.04.17-00.32.23:732][  0]LogSlate: New Slate User Created.  User Index 0, Is Virtual User: 0
[2020.04.17-00.32.23:732][  0]LogSlate: Slate User Registered.  User Index 0, Is Virtual User: 0
[2020.04.17-00.32.23:855][  0]LogHMD: Failed to initialize OpenVR with code 110
[2020.04.17-00.32.23:855][  0]LogD3D11RHI: D3D11 adapters:
[2020.04.17-00.32.23:906][  0]LogD3D11RHI:    0. 'NVIDIA GeForce GTX 970' (Feature Level 11_0)
[2020.04.17-00.32.23:907][  0]LogD3D11RHI:       4043/0/16330 MB DedicatedVideo/DedicatedSystem/SharedSystem, Outputs:2, VendorId:0x10de
[2020.04.17-00.32.23:908][  0]LogD3D11RHI:    1. 'Microsoft Basic Render Driver' (Feature Level 11_0)
[2020.04.17-00.32.23:908][  0]LogD3D11RHI:       0/0/16330 MB DedicatedVideo/DedicatedSystem/SharedSystem, Outputs:0, VendorId:0x1414
[2020.04.17-00.32.23:908][  0]LogD3D11RHI: Chosen D3D11 Adapter: 0
[2020.04.17-00.32.23:915][  0]LogD3D11RHI: Creating new Direct3DDevice
[2020.04.17-00.32.23:915][  0]LogD3D11RHI:     GPU DeviceId: 0x13c2 (for the marketing name, search the web for "GPU Device Id")
[2020.04.17-00.32.23:915][  0]LogWindows: EnumDisplayDevices:
[2020.04.17-00.32.23:915][  0]LogWindows:    0. 'NVIDIA GeForce GTX 970' (P:1 D:1)
[2020.04.17-00.32.23:915][  0]LogWindows:    1. 'NVIDIA GeForce GTX 970' (P:0 D:1)
[2020.04.17-00.32.23:916][  0]LogWindows:    2. 'NVIDIA GeForce GTX 970' (P:0 D:0)
[2020.04.17-00.32.23:916][  0]LogWindows:    3. 'NVIDIA GeForce GTX 970' (P:0 D:0)
[2020.04.17-00.32.23:916][  0]LogWindows: DebugString: FoundDriverCount:4 
[2020.04.17-00.32.23:916][  0]LogD3D11RHI:     Adapter Name: NVIDIA GeForce GTX 970
[2020.04.17-00.32.23:916][  0]LogD3D11RHI:   Driver Version: 432.00 (internal:26.21.14.3200, unified:432.00)
[2020.04.17-00.32.23:916][  0]LogD3D11RHI:      Driver Date: 7-24-2019
[2020.04.17-00.32.23:916][  0]LogRHI: Texture pool is 2830 MB (70% of 4043 MB)
[2020.04.17-00.32.23:946][  0]LogD3D11RHI: Async texture creation enabled
[2020.04.17-00.32.23:949][  0]LogRendererCore: FGlobalReadBuffer::InitRHI
[2020.04.17-00.32.23:949][  0]LogRendererCore: FGlobalReadBuffer::InitRHI
[2020.04.17-00.32.23:949][  0]LogRendererCore: FGlobalReadBuffer::InitRHI
[2020.04.17-00.32.23:956][  0]LogD3D11RHI: GPU Timing Frequency: 1000.000000 (Debug: 2 1)
[2020.04.17-00.32.24:225][  0]LogTemp: Display: Module 'AllDesktopTargetPlatform' loaded TargetPlatform 'AllDesktop'
[2020.04.17-00.32.24:236][  0]LogTemp: Display: Module 'MacClientTargetPlatform' loaded TargetPlatform 'MacClient'
[2020.04.17-00.32.24:248][  0]LogTemp: Display: Module 'MacNoEditorTargetPlatform' loaded TargetPlatform 'MacNoEditor'
[2020.04.17-00.32.24:259][  0]LogTemp: Display: Module 'MacServerTargetPlatform' loaded TargetPlatform 'MacServer'
[2020.04.17-00.32.24:270][  0]LogTemp: Display: Module 'MacTargetPlatform' loaded TargetPlatform 'Mac'
[2020.04.17-00.32.24:281][  0]LogTemp: Display: Module 'WindowsClientTargetPlatform' loaded TargetPlatform 'WindowsClient'
[2020.04.17-00.32.24:292][  0]LogTemp: Display: Module 'WindowsNoEditorTargetPlatform' loaded TargetPlatform 'WindowsNoEditor'
[2020.04.17-00.32.24:303][  0]LogTemp: Display: Module 'WindowsServerTargetPlatform' loaded TargetPlatform 'WindowsServer'
[2020.04.17-00.32.24:308][  0]LogTemp: Display: Module 'WindowsTargetPlatform' loaded TargetPlatform 'Windows'
[2020.04.17-00.32.24:372][  0]LogTemp: Display: Module 'AndroidTargetPlatform' loaded TargetPlatform 'Android'
[2020.04.17-00.32.24:372][  0]LogTemp: Display: Module 'AndroidTargetPlatform' loaded TargetPlatform 'Android_ASTC'
[2020.04.17-00.32.24:372][  0]LogTemp: Display: Module 'AndroidTargetPlatform' loaded TargetPlatform 'Android_ATC'
[2020.04.17-00.32.24:372][  0]LogTemp: Display: Module 'AndroidTargetPlatform' loaded TargetPlatform 'Android_DXT'
[2020.04.17-00.32.24:372][  0]LogTemp: Display: Module 'AndroidTargetPlatform' loaded TargetPlatform 'Android_ETC1'
[2020.04.17-00.32.24:372][  0]LogTemp: Display: Module 'AndroidTargetPlatform' loaded TargetPlatform 'Android_ETC1a'
[2020.04.17-00.32.24:372][  0]LogTemp: Display: Module 'AndroidTargetPlatform' loaded TargetPlatform 'Android_ETC2'
[2020.04.17-00.32.24:372][  0]LogTemp: Display: Module 'AndroidTargetPlatform' loaded TargetPlatform 'Android_PVRTC'
[2020.04.17-00.32.24:372][  0]LogTemp: Display: Module 'AndroidTargetPlatform' loaded TargetPlatform 'AndroidClient'
[2020.04.17-00.32.24:372][  0]LogTemp: Display: Module 'AndroidTargetPlatform' loaded TargetPlatform 'Android_ASTCClient'
[2020.04.17-00.32.24:372][  0]LogTemp: Display: Module 'AndroidTargetPlatform' loaded TargetPlatform 'Android_ATCClient'
[2020.04.17-00.32.24:372][  0]LogTemp: Display: Module 'AndroidTargetPlatform' loaded TargetPlatform 'Android_DXTClient'
[2020.04.17-00.32.24:372][  0]LogTemp: Display: Module 'AndroidTargetPlatform' loaded TargetPlatform 'Android_ETC1Client'
[2020.04.17-00.32.24:372][  0]LogTemp: Display: Module 'AndroidTargetPlatform' loaded TargetPlatform 'Android_ETC1aClient'
[2020.04.17-00.32.24:372][  0]LogTemp: Display: Module 'AndroidTargetPlatform' loaded TargetPlatform 'Android_ETC2Client'
[2020.04.17-00.32.24:372][  0]LogTemp: Display: Module 'AndroidTargetPlatform' loaded TargetPlatform 'Android_PVRTCClient'
[2020.04.17-00.32.24:372][  0]LogTemp: Display: Module 'AndroidTargetPlatform' loaded TargetPlatform 'Android_Multi'
[2020.04.17-00.32.24:372][  0]LogTemp: Display: Module 'AndroidTargetPlatform' loaded TargetPlatform 'Android_MultiClient'
[2020.04.17-00.32.24:374][  0]LogTemp: Display: Module 'HTML5TargetPlatform' loaded TargetPlatform 'HTML5'
[2020.04.17-00.32.24:418][  0]LogTemp: Display: Module 'IOSTargetPlatform' loaded TargetPlatform 'IOSClient'
[2020.04.17-00.32.24:418][  0]LogTemp: Display: Module 'IOSTargetPlatform' loaded TargetPlatform 'IOS'
[2020.04.17-00.32.24:438][  0]LogTemp: Display: Module 'TVOSTargetPlatform' loaded TargetPlatform 'TVOSClient'
[2020.04.17-00.32.24:438][  0]LogTemp: Display: Module 'TVOSTargetPlatform' loaded TargetPlatform 'TVOS'
[2020.04.17-00.32.24:448][  0]LogTemp: Display: Module 'LinuxClientTargetPlatform' loaded TargetPlatform 'LinuxClient'
[2020.04.17-00.32.24:457][  0]LogTemp: Display: Module 'LinuxNoEditorTargetPlatform' loaded TargetPlatform 'LinuxNoEditor'
[2020.04.17-00.32.24:467][  0]LogTemp: Display: Module 'LinuxServerTargetPlatform' loaded TargetPlatform 'LinuxServer'
[2020.04.17-00.32.24:476][  0]LogTemp: Display: Module 'LinuxTargetPlatform' loaded TargetPlatform 'Linux'
[2020.04.17-00.32.24:512][  0]LogTemp: Display: Module 'LuminTargetPlatform' loaded TargetPlatform 'Lumin'
[2020.04.17-00.32.24:512][  0]LogTemp: Display: Module 'LuminTargetPlatform' loaded TargetPlatform 'LuminClient'
[2020.04.17-00.32.24:512][  0]LogTargetPlatformManager: Display: Building Assets For Windows
[2020.04.17-00.32.24:519][  0]LogAudioDebug: Display: Lib vorbis DLL was dynamically loaded.
[2020.04.17-00.32.24:559][  0]LogShaderCompilers: Guid format shader working directory is 9 characters bigger than the processId version (E:/Git/UnrealStudies/Games/ProjActors/Intermediate/Shaders/WorkingDirectory/2624/).
[2020.04.17-00.32.24:559][  0]LogShaderCompilers: Cleaned the shader compiler working directory 'C:/Users/lg_pi/AppData/Local/Temp/UnrealShaderWorkingDir/8DDEB71B433B28254313979788A13FD7/'.
[2020.04.17-00.32.24:561][  0]LogXGEController: Cannot use XGE Controller as Incredibuild is not installed on this machine.
[2020.04.17-00.32.24:561][  0]LogShaderCompilers: Cannot use XGE Shader Compiler as Incredibuild is not installed on this machine.
[2020.04.17-00.32.24:561][  0]LogShaderCompilers: Display: Using Local Shader Compiler.
[2020.04.17-00.32.25:012][  0]LogDerivedDataCache: Display: Max Cache Size: 512 MB
[2020.04.17-00.32.25:058][  0]LogDerivedDataCache: Loaded boot cache 0.05s 83MB C:/Users/lg_pi/AppData/Local/UnrealEngine/4.22/DerivedDataCache/Boot.ddc.
[2020.04.17-00.32.25:058][  0]LogDerivedDataCache: Display: Loaded Boot cache: C:/Users/lg_pi/AppData/Local/UnrealEngine/4.22/DerivedDataCache/Boot.ddc
[2020.04.17-00.32.25:059][  0]LogDerivedDataCache: FDerivedDataBackendGraph:  Pak pak cache file E:/Git/UnrealStudies/Games/ProjActors/DerivedDataCache/DDC.ddp not found, will not use a pak cache.
[2020.04.17-00.32.25:059][  0]LogDerivedDataCache: Unable to find inner node Pak for hierarchical cache Hierarchy.
[2020.04.17-00.32.25:059][  0]LogDerivedDataCache: FDerivedDataBackendGraph:  CompressedPak pak cache file E:/Git/UnrealStudies/Games/ProjActors/DerivedDataCache/Compressed.ddp not found, will not use a pak cache.
[2020.04.17-00.32.25:059][  0]LogDerivedDataCache: Unable to find inner node CompressedPak for hierarchical cache Hierarchy.
[2020.04.17-00.32.25:069][  0]LogDerivedDataCache: Display: Pak cache opened for reading ../../../Engine/DerivedDataCache/Compressed.ddp.
[2020.04.17-00.32.25:069][  0]LogDerivedDataCache: FDerivedDataBackendGraph:  EnterprisePak pak cache file ../../../Enterprise/DerivedDataCache/Compressed.ddp not found, will not use a pak cache.
[2020.04.17-00.32.25:069][  0]LogDerivedDataCache: Unable to find inner node EnterprisePak for hierarchical cache Hierarchy.
[2020.04.17-00.32.25:081][  0]LogDerivedDataCache: Using Local data cache path C:/Users/lg_pi/AppData/Local/UnrealEngine/Common/DerivedDataCache: Writable
[2020.04.17-00.32.25:081][  0]LogDerivedDataCache: Shared data cache path not found in *engine.ini, will not use an Shared cache.
[2020.04.17-00.32.25:081][  0]LogDerivedDataCache: Unable to find inner node Shared for hierarchical cache Hierarchy.
[2020.04.17-00.32.25:098][  0]LogMaterial: Verifying Global Shaders for PCD3D_SM5
[2020.04.17-00.32.25:099][  0]LogSlate: Using FreeType 2.6.0
[2020.04.17-00.32.25:100][  0]LogSlate: SlateFontServices - WITH_FREETYPE: 1, WITH_HARFBUZZ: 1
[2020.04.17-00.32.25:171][  0]LogAssetRegistry: FAssetRegistry took 0.0309 seconds to start up
[2020.04.17-00.32.25:434][  0]LogInit: Selected Device Profile: [Windows]
[2020.04.17-00.32.25:544][  0]LogMeshReduction: Using QuadricMeshReduction for automatic static mesh reduction
[2020.04.17-00.32.25:544][  0]LogMeshReduction: Using SimplygonMeshReduction for automatic skeletal mesh reduction
[2020.04.17-00.32.25:544][  0]LogMeshReduction: Using ProxyLODMeshReduction for automatic mesh merging
[2020.04.17-00.32.25:544][  0]LogMeshReduction: No distributed automatic mesh merging module available
[2020.04.17-00.32.25:544][  0]LogMeshMerging: No distributed automatic mesh merging module available
[2020.04.17-00.32.25:553][  0]LogNetVersion: ProjActors 1.0.0, NetCL: 5660361, EngineNetVer: 10, GameNetVer: 0 (Checksum: 809462591)
[2020.04.17-00.32.25:934][  0]LogPackageLocalizationCache: Processed 10 localized package path(s) for 1 prioritized culture(s) in 0.058563 seconds
[2020.04.17-00.32.25:940][  0]LogUObjectArray: 42205 objects as part of root set at end of initial load.
[2020.04.17-00.32.25:940][  0]LogUObjectAllocator: 7325032 out of 0 bytes used by permanent object pool.
[2020.04.17-00.32.25:940][  0]LogUObjectArray: CloseDisregardForGC: 0/0 objects in disregard for GC pool
[2020.04.17-00.32.26:614][  0]LogTcpMessaging: Initializing TcpMessaging bridge
[2020.04.17-00.32.26:627][  0]LogUdpMessaging: Initializing bridge on interface 0.0.0.0:0 to multicast group 230.0.0.1:6666.
[2020.04.17-00.32.27:353][  0]SourceControl: Source control is disabled
[2020.04.17-00.32.27:353][  0]SourceControl: Source control is disabled
[2020.04.17-00.32.27:354][  0]SourceControl: Source control is disabled
[2020.04.17-00.32.27:355][  0]SourceControl: Source control is disabled
[2020.04.17-00.32.27:419][  0]LogAndroidPermission: UAndroidPermissionCallbackProxy::GetInstance
[2020.04.17-00.32.27:576][  0]LogOcInput: OculusInput pre-init called
[2020.04.17-00.32.28:130][  0]LogEngine: Initializing Engine...
[2020.04.17-00.32.28:131][  0]LogHMD: Failed to initialize OpenVR with code 110
[2020.04.17-00.32.28:131][  0]LogStats: UGameplayTagsManager::InitializeManager -  0.000 s
[2020.04.17-00.32.28:304][  0]LogInit: Initializing FReadOnlyCVARCache
[2020.04.17-00.32.28:315][  0]LogAIModule: Creating AISystem for world Untitled
[2020.04.17-00.32.28:363][  0]LogInit: XAudio2 using 'Fones de ouvido (4- Razer Kraken USB)' : 2 channels at 48 kHz using 16 bits per sample (channel mask 0x3)
[2020.04.17-00.32.28:380][  0]LogInit: FAudioDevice initialized.
[2020.04.17-00.32.28:380][  0]LogNetVersion: Set ProjectVersion to 1.0.0.0. Version Checksum will be recalculated on next use.
[2020.04.17-00.32.28:422][  0]LogDerivedDataCache: Saved boot cache 0.04s 84MB C:/Users/lg_pi/AppData/Local/UnrealEngine/4.22/DerivedDataCache/Boot.ddc.
[2020.04.17-00.32.28:431][  0]LogInit: Texture streaming: Enabled
[2020.04.17-00.32.28:445][  0]LogEngineSessionManager: EngineSessionManager initialized
[2020.04.17-00.32.28:462][  0]LogInit: Transaction tracking system initialized
[2020.04.17-00.32.28:482][  0]BlueprintLog: New page: Editor Load
[2020.04.17-00.32.28:545][  0]LocalizationService: Localization service is disabled
[2020.04.17-00.32.28:840][  0]LogFileCache: Scanning file cache for directory 'E:/Git/UnrealStudies/Games/ProjActors/Content/' took 0.05s
[2020.04.17-00.32.28:840][  0]LogCook: Display: Max memory allowance for cook 16384mb min free memory 0mb
[2020.04.17-00.32.28:840][  0]LogCook: Display: Mobile HDR setting 1
[2020.04.17-00.32.28:973][  0]SourceControl: Source control is disabled
[2020.04.17-00.32.28:973][  0]Cmd: MAP LOAD FILE="E:/Git/UnrealStudies/Games/ProjActors/Content/StarterContent/Maps/Minimal_Default.umap" TEMPLATE=0 SHOWPROGRESS=1 FEATURELEVEL=3
[2020.04.17-00.32.28:973][  0]LightingResults: New page: Lighting Build
[2020.04.17-00.32.28:975][  0]MapCheck: New page: Map Check
[2020.04.17-00.32.28:975][  0]LightingResults: New page: Lighting Build
[2020.04.17-00.32.28:996][  0]LogUObjectHash: Compacting FUObjectHashTables data took   1.17ms
[2020.04.17-00.32.29:907][  0]LogAIModule: Creating AISystem for world Minimal_Default
[2020.04.17-00.32.29:918][  0]LogEditorServer: Finished looking for orphan Actors (0.000 secs)
[2020.04.17-00.32.29:941][  0]LogUObjectHash: Compacting FUObjectHashTables data took   1.42ms
[2020.04.17-00.32.29:941][  0]Cmd: MAP CHECKDEP NOCLEARLOG
[2020.04.17-00.32.29:941][  0]MapCheck: Map check complete: 0 Error(s), 0 Warning(s), took 0.078ms to complete.
[2020.04.17-00.32.29:941][  0]LogFileHelpers: Loading map 'Minimal_Default' took 0.968
[2020.04.17-00.32.30:090][  0]LogSlate: Updating window title bar state: overlay mode, drag disabled, window buttons hidden, title bar hidden
[2020.04.17-00.32.30:097][  0]LogSlate: Updating window title bar state: overlay mode, drag disabled, window buttons hidden, title bar hidden
[2020.04.17-00.32.30:103][  0]LogSlate: Updating window title bar state: overlay mode, drag disabled, window buttons hidden, title bar hidden
[2020.04.17-00.32.30:109][  0]LogSlate: Updating window title bar state: overlay mode, drag disabled, window buttons hidden, title bar hidden
[2020.04.17-00.32.30:121][  0]LogCollectionManager: Loaded 0 collections in 0.001386 seconds
[2020.04.17-00.32.30:169][  0]LogFileCache: Scanning file cache for directory 'E:/Git/UnrealStudies/Games/ProjActors/Saved/Collections/' took 0.01s
[2020.04.17-00.32.30:169][  0]LogFileCache: Scanning file cache for directory 'E:/Git/UnrealStudies/Games/ProjActors/Content/Developers/lgpi/Collections/' took 0.01s
[2020.04.17-00.32.30:169][  0]LogFileCache: Scanning file cache for directory 'E:/Git/UnrealStudies/Games/ProjActors/Content/Collections/' took 0.01s
[2020.04.17-00.32.30:169][  0]LogCollectionManager: Rebuilt the GUID cache for 0 collections in 0.000000 seconds
[2020.04.17-00.32.30:178][  0]LogContentBrowser: Native class hierarchy populated in 0.0078 seconds. Added 2736 classes and 661 folders.
[2020.04.17-00.32.30:187][  0]LogContentBrowser: Native class hierarchy updated for 'WidgetCarousel' in 0.0003 seconds. Added 0 classes and 0 folders.
[2020.04.17-00.32.30:194][  0]LogPakFile: Registered encryption key '00000000000000000000000000000000': 0 pak files mounted, 0 remain pending
[2020.04.17-00.32.30:202][  0]LogPakFile: Registered encryption key '00000000000000000000000000000000': 0 pak files mounted, 0 remain pending
[2020.04.17-00.32.30:215][  0]LogPakFile: Registered encryption key '00000000000000000000000000000000': 0 pak files mounted, 0 remain pending
[2020.04.17-00.32.30:220][  0]LogPakFile: Registered encryption key '00000000000000000000000000000000': 0 pak files mounted, 0 remain pending
[2020.04.17-00.32.30:225][  0]LogPakFile: Registered encryption key '00000000000000000000000000000000': 0 pak files mounted, 0 remain pending
[2020.04.17-00.32.30:230][  0]LogPakFile: Registered encryption key '00000000000000000000000000000000': 0 pak files mounted, 0 remain pending
[2020.04.17-00.32.30:235][  0]LogPakFile: Registered encryption key '00000000000000000000000000000000': 0 pak files mounted, 0 remain pending
[2020.04.17-00.32.30:240][  0]LogPakFile: Registered encryption key '00000000000000000000000000000000': 0 pak files mounted, 0 remain pending
[2020.04.17-00.32.30:246][  0]LogPakFile: Registered encryption key '00000000000000000000000000000000': 0 pak files mounted, 0 remain pending
[2020.04.17-00.32.30:253][  0]LogPakFile: Registered encryption key '00000000000000000000000000000000': 0 pak files mounted, 0 remain pending
[2020.04.17-00.32.30:257][  0]LogPakFile: Registered encryption key '00000000000000000000000000000000': 0 pak files mounted, 0 remain pending
[2020.04.17-00.32.30:262][  0]LogPakFile: Registered encryption key '00000000000000000000000000000000': 0 pak files mounted, 0 remain pending
[2020.04.17-00.32.30:267][  0]LogPakFile: Registered encryption key '00000000000000000000000000000000': 0 pak files mounted, 0 remain pending
[2020.04.17-00.32.30:272][  0]LogPakFile: Registered encryption key '00000000000000000000000000000000': 0 pak files mounted, 0 remain pending
[2020.04.17-00.32.30:277][  0]LogPakFile: Registered encryption key '00000000000000000000000000000000': 0 pak files mounted, 0 remain pending
[2020.04.17-00.32.30:282][  0]LogPakFile: Registered encryption key '00000000000000000000000000000000': 0 pak files mounted, 0 remain pending
[2020.04.17-00.32.30:306][  0]LogPakFile: Registered encryption key '00000000000000000000000000000000': 0 pak files mounted, 0 remain pending
[2020.04.17-00.32.30:311][  0]LogPakFile: Registered encryption key '00000000000000000000000000000000': 0 pak files mounted, 0 remain pending
[2020.04.17-00.32.30:316][  0]LogPakFile: Registered encryption key '00000000000000000000000000000000': 0 pak files mounted, 0 remain pending
[2020.04.17-00.32.30:321][  0]LogPakFile: Registered encryption key '00000000000000000000000000000000': 0 pak files mounted, 0 remain pending
[2020.04.17-00.32.30:326][  0]LogPakFile: Registered encryption key '00000000000000000000000000000000': 0 pak files mounted, 0 remain pending
[2020.04.17-00.32.30:331][  0]LogPakFile: Registered encryption key '00000000000000000000000000000000': 0 pak files mounted, 0 remain pending
[2020.04.17-00.32.30:336][  0]LogPakFile: Registered encryption key '00000000000000000000000000000000': 0 pak files mounted, 0 remain pending
[2020.04.17-00.32.30:341][  0]LogPakFile: Registered encryption key '00000000000000000000000000000000': 0 pak files mounted, 0 remain pending
[2020.04.17-00.32.30:347][  0]LogPakFile: Registered encryption key '00000000000000000000000000000000': 0 pak files mounted, 0 remain pending
[2020.04.17-00.32.30:352][  0]LogPakFile: Registered encryption key '00000000000000000000000000000000': 0 pak files mounted, 0 remain pending
[2020.04.17-00.32.30:486][  0]LogContentBrowser: Native class hierarchy updated for 'AddContentDialog' in 0.0003 seconds. Added 0 classes and 0 folders.
[2020.04.17-00.32.30:498][  0]LogContentBrowser: Native class hierarchy updated for 'SceneOutliner' in 0.0004 seconds. Added 1 classes and 2 folders.
[2020.04.17-00.32.30:625][  0]LogSlate: Took 0.000114 seconds to synchronously load lazily loaded font '../../../Engine/Content/Slate/Fonts/Roboto-Regular.ttf' (155K)
[2020.04.17-00.32.30:627][  0]LogSlate: Took 0.000117 seconds to synchronously load lazily loaded font '../../../Engine/Content/Slate/Fonts/Roboto-Bold.ttf' (160K)
[2020.04.17-00.32.30:636][  0]LogSlate: Took 0.005001 seconds to synchronously load lazily loaded font '../../../Engine/Content/Editor/Slate/Fonts/FontAwesome.ttf' (139K)
[2020.04.17-00.32.30:737][  0]LogRenderer: Reallocating scene render targets to support 784x456 Format 10 NumSamples 1 (Frame:1).
[2020.04.17-00.32.30:849][  0]LogContentBrowser: Native class hierarchy updated for 'HierarchicalLODOutliner' in 0.0004 seconds. Added 0 classes and 0 folders.
[2020.04.17-00.32.30:849][  0]LogLoad: (Engine Initialization) Total time: 9.11 seconds
[2020.04.17-00.32.30:849][  0]LogLoad: (Engine Initialization) Total Blueprint compile time: 0.00 seconds
[2020.04.17-00.32.30:882][  0]LogAssetRegistry: Asset discovery search completed in 5.7321 seconds
[2020.04.17-00.32.30:883][  0]LogCollectionManager: Rebuilt the object cache for 0 collections in 0.000000 seconds (found 0 objects)
[2020.04.17-00.32.30:883][  0]LogCollectionManager: Fixed up redirectors for 0 collections in 0.000047 seconds (updated 0 objects)
[2020.04.17-00.32.30:886][  0]LogContentStreaming: Texture pool size now 1000 MB
[2020.04.17-00.32.30:939][  0]LogSlate: Took 0.005362 seconds to synchronously load lazily loaded font '../../../Engine/Content/Slate/Fonts/Roboto-Light.ttf' (167K)
[2020.04.17-00.32.35:543][ 14]LogSlate: FSceneViewport::OnFocusLost() reason 0
[2020.04.17-00.32.43:075][911]LogSlate: Took 0.000113 seconds to synchronously load lazily loaded font '../../../Engine/Content/Slate/Fonts/Roboto-Light.ttf' (167K)
[2020.04.17-00.32.43:079][911]LogAssetEditorManager: Opening Asset editor for Class /Script/ProjActors.Granade
[2020.04.17-00.45.26:645][246]Candidate modules for hot reload:
[2020.04.17-00.45.26:645][246]  ProjActors
[2020.04.17-00.45.26:646][246]Launching UnrealBuildTool... [C:/Program Files/Epic Games/UE_4.22/Engine/Binaries/DotNET/UnrealBuildTool.exe  -ModuleWithSuffix=ProjActors,4439 Win64 Development -TargetType=Editor -Project="E:/Git/UnrealStudies/Games/ProjActors/ProjActors.uproject" "E:/Git/UnrealStudies/Games/ProjActors/ProjActors.uproject"  -IgnoreJunk]
[2020.04.17-00.45.26:647][246]Warning: Starting HotReload took  0.0s.
[2020.04.17-00.47.53:411][ 70]CompilerResultsLog: New page: Compilation - Apr 16, 2020, 6:47:53 PM
[2020.04.17-00.47.53:411][ 70]CompilerResultsLog: Parsing headers for ProjActorsEditor
[2020.04.17-00.47.53:411][ 70]CompilerResultsLog:   Running UnrealHeaderTool "E:\Git\UnrealStudies\Games\ProjActors\ProjActors.uproject" "E:\Git\UnrealStudies\Games\ProjActors\Intermediate\Build\Win64\ProjActorsEditor\Development\ProjActorsEditor.uhtmanifest" -LogCmds="loginit warning, logexit warning, logdatabase error" -Unattended -WarningsAsErrors -installed
[2020.04.17-00.47.53:411][ 70]CompilerResultsLog: Reflection code generated for ProjActorsEditor in 4.9467354 seconds
[2020.04.17-00.47.53:411][ 70]CompilerResultsLog: Using Visual Studio 2019 14.24.28314 toolchain (C:\Program Files (x86)\Microsoft Visual Studio\2019\Enterprise\VC\Tools\MSVC\14.24.28314) and Windows 10.0.18362.0 SDK (C:\Program Files (x86)\Windows Kits\10).
[2020.04.17-00.47.53:411][ 70]CompilerResultsLog: Building 7 actions with 6 processes...
[2020.04.17-00.47.53:411][ 70]CompilerResultsLog:   [1/7] InsertGranades.cpp
[2020.04.17-00.47.53:411][ 70]CompilerResultsLog:   [2/7] MyGameMode.cpp
[2020.04.17-00.47.53:411][ 70]CompilerResultsLog:   [3/7] Granade.gen.cpp
[2020.04.17-00.47.53:411][ 70]CompilerResultsLog:   [4/7] Granade.cpp
[2020.04.17-00.47.53:411][ 70]CompilerResultsLog:   [5/7] UE4Editor-ProjActors-4439.lib
[2020.04.17-00.47.53:411][ 70]CompilerResultsLog:      Creating library E:\Git\UnrealStudies\Games\ProjActors\Intermediate\Build\Win64\UE4Editor\Development\ProjActors\UE4Editor-ProjActors-4439.lib and object E:\Git\UnrealStudies\Games\ProjActors\Intermediate\Build\Win64\UE4Editor\Development\ProjActors\UE4Editor-ProjActors-4439.exp
[2020.04.17-00.47.53:411][ 70]CompilerResultsLog:   [6/7] UE4Editor-ProjActors-4439.dll
[2020.04.17-00.47.53:412][ 70]CompilerResultsLog:      Creating library E:\Git\UnrealStudies\Games\ProjActors\Intermediate\Build\Win64\UE4Editor\Development\ProjActors\UE4Editor-ProjActors-4439.suppressed.lib and object E:\Git\UnrealStudies\Games\ProjActors\Intermediate\Build\Win64\UE4Editor\Development\ProjActors\UE4Editor-ProjActors-4439.suppressed.exp
[2020.04.17-00.47.53:412][ 70]CompilerResultsLog:   [7/7] ProjActorsEditor.target
[2020.04.17-00.47.53:412][ 70]CompilerResultsLog: Total time in Parallel executor: 140.77 seconds
[2020.04.17-00.47.53:412][ 70]CompilerResultsLog: Total execution time: 146.47 seconds
[2020.04.17-00.47.53:412][ 70]LogMainFrame: MainFrame: Module compiling took 146.770 seconds
[2020.04.17-00.47.53:432][ 70]LogUObjectHash: Compacting FUObjectHashTables data took   0.71ms
[2020.04.17-00.47.53:452][ 70]LogContentBrowser: Native class hierarchy updated for 'ProjActors' in 0.0004 seconds. Added 4 classes and 2 folders.
[2020.04.17-00.47.53:454][ 70]Display: HotReload successful (1 functions remapped  0 scriptstructs remapped)
[2020.04.17-00.47.53:551][ 70]LogUObjectHash: Compacting FUObjectHashTables data took   0.99ms
[2020.04.17-00.47.53:562][ 70]LogContentBrowser: Native class hierarchy populated in 0.0069 seconds. Added 2737 classes and 663 folders.
[2020.04.17-00.47.53:564][ 70]Display: HotReload took 147.0s.
[2020.04.17-00.48.03:451][ 99]LogHotReload: New module detected: UE4Editor-ProjActors-0016.dll
[2020.04.17-00.48.04:129][102]LogHotReload: Starting Hot-Reload from IDE
[2020.04.17-00.48.04:162][102]LogUObjectHash: Compacting FUObjectHashTables data took   0.47ms
[2020.04.17-00.48.04:181][102]LogContentBrowser: Native class hierarchy updated for 'ProjActors' in 0.0004 seconds. Added 4 classes and 2 folders.
[2020.04.17-00.48.04:184][102]Display: HotReload successful (1 functions remapped  0 scriptstructs remapped)
[2020.04.17-00.48.04:225][102]LogUObjectHash: Compacting FUObjectHashTables data took   0.92ms
[2020.04.17-00.48.04:235][102]LogContentBrowser: Native class hierarchy populated in 0.0068 seconds. Added 2737 classes and 663 folders.
[2020.04.17-00.48.04:238][102]Display: HotReload took  0.1s.
[2020.04.17-00.48.16:146][554]LogTemp: Repeating last play command: Selected Viewport
[2020.04.17-00.48.16:160][554]LogBlueprintUserMessages: Early PlayInEditor Detection: Level '/Game/StarterContent/Maps/Minimal_Default.Minimal_Default:PersistentLevel' has LevelScriptBlueprint '/Game/StarterContent/Maps/Minimal_Default.Minimal_Default:PersistentLevel.Minimal_Default' with GeneratedClass '/Game/StarterContent/Maps/Minimal_Default.Minimal_Default_C' with ClassGeneratedBy '/Game/StarterContent/Maps/Minimal_Default.Minimal_Default:PersistentLevel.Minimal_Default'
[2020.04.17-00.48.16:160][554]LogPlayLevel: PlayLevel: No blueprints needed recompiling
[2020.04.17-00.48.16:160][554]PIE: New page: PIE session: Minimal_Default (Apr 16, 2020, 6:48:16 PM)
[2020.04.17-00.48.16:174][554]LogPlayLevel: Creating play world package: /Game/StarterContent/Maps/UEDPIE_0_Minimal_Default
[2020.04.17-00.48.16:179][554]LogPlayLevel: PIE: StaticDuplicateObject took: (0.004636s)
[2020.04.17-00.48.16:180][554]LogAIModule: Creating AISystem for world Minimal_Default
[2020.04.17-00.48.16:180][554]LogPlayLevel: PIE: World Init took: (0.001227s)
[2020.04.17-00.48.16:180][554]LogPlayLevel: PIE: Created PIE world by copying editor world from /Game/StarterContent/Maps/Minimal_Default.Minimal_Default to /Game/StarterContent/Maps/UEDPIE_0_Minimal_Default.Minimal_Default (0.006143s)
[2020.04.17-00.48.16:201][554]LogUObjectHash: Compacting FUObjectHashTables data took   1.33ms
[2020.04.17-00.48.16:235][554]LogInit: XAudio2 using 'Fones de ouvido (4- Razer Kraken USB)' : 2 channels at 48 kHz using 16 bits per sample (channel mask 0x3)
[2020.04.17-00.48.16:246][554]LogInit: FAudioDevice initialized.
[2020.04.17-00.48.16:289][554]LogLoad: Game class is 'MyGameMode'
[2020.04.17-00.48.16:296][554]LogWorld: Bringing World /Game/StarterContent/Maps/UEDPIE_0_Minimal_Default.Minimal_Default up for play (max tick rate 0) at 2020.04.16-21.48.16
[2020.04.17-00.48.16:297][554]LogWorld: Bringing up level for play took: 0.001223
[2020.04.17-00.48.16:339][554]LogContentBrowser: Native class hierarchy updated for 'MovieSceneCapture' in 0.0005 seconds. Added 20 classes and 0 folders.
[2020.04.17-00.48.16:345][554]LogTemp: Warning: Target Points Found 6
[2020.04.17-00.48.16:346][554]LogTemp: Warning: Transform = X=-60.000 Y=0.000 Z=150.000
[2020.04.17-00.48.16:347][554]LogTemp: Warning: Transform = X=-60.000 Y=100.000 Z=150.000
[2020.04.17-00.48.16:347][554]LogTemp: Warning: Transform = X=-60.000 Y=-110.000 Z=150.000
[2020.04.17-00.48.16:347][554]LogTemp: Warning: Transform = X=-60.000 Y=0.000 Z=200.000
[2020.04.17-00.48.16:347][554]LogTemp: Warning: Transform = X=-60.000 Y=50.000 Z=180.000
[2020.04.17-00.48.16:347][554]LogTemp: Warning: Transform = X=-60.000 Y=-60.000 Z=180.000
[2020.04.17-00.48.16:348][554]PIE: Play in editor start time for /Game/StarterContent/Maps/UEDPIE_0_Minimal_Default 1.111
[2020.04.17-00.48.16:348][554]LogBlueprintUserMessages: Late PlayInEditor Detection: Level '/Game/StarterContent/Maps/Minimal_Default.Minimal_Default:PersistentLevel' has LevelScriptBlueprint '/Game/StarterContent/Maps/Minimal_Default.Minimal_Default:PersistentLevel.Minimal_Default' with GeneratedClass '/Game/StarterContent/Maps/Minimal_Default.Minimal_Default_C' with ClassGeneratedBy '/Game/StarterContent/Maps/Minimal_Default.Minimal_Default:PersistentLevel.Minimal_Default'
[2020.04.17-00.48.24:837][557]LogBlueprintUserMessages: Early EndPlayMap Detection: Level '/Game/StarterContent/Maps/Minimal_Default.Minimal_Default:PersistentLevel' has LevelScriptBlueprint '/Game/StarterContent/Maps/Minimal_Default.Minimal_Default:PersistentLevel.Minimal_Default' with GeneratedClass '/Game/StarterContent/Maps/Minimal_Default.Minimal_Default_C' with ClassGeneratedBy '/Game/StarterContent/Maps/Minimal_Default.Minimal_Default:PersistentLevel.Minimal_Default'
[2020.04.17-00.48.24:837][557]LogSlate: Updating window title bar state: overlay mode, drag disabled, window buttons hidden, title bar hidden
[2020.04.17-00.48.24:866][557]LogPlayLevel: Display: Shutting down PIE online subsystems
[2020.04.17-00.48.24:866][557]LogBlueprintUserMessages: Late EndPlayMap Detection: Level '/Game/StarterContent/Maps/Minimal_Default.Minimal_Default:PersistentLevel' has LevelScriptBlueprint '/Game/StarterContent/Maps/Minimal_Default.Minimal_Default:PersistentLevel.Minimal_Default' with GeneratedClass '/Game/StarterContent/Maps/Minimal_Default.Minimal_Default_C' with ClassGeneratedBy '/Game/StarterContent/Maps/Minimal_Default.Minimal_Default:PersistentLevel.Minimal_Default'
[2020.04.17-00.48.24:889][557]LogSlate: Updating window title bar state: overlay mode, drag disabled, window buttons hidden, title bar hidden
[2020.04.17-00.48.24:891][557]LogUObjectHash: Compacting FUObjectHashTables data took   1.15ms
[2020.04.17-00.48.24:942][561]LogPlayLevel: Display: Destroying online subsystem :Context_2
[2020.04.17-00.49.19:886][140]LogSlate: FSceneViewport::OnFocusLost() reason 0
[2020.04.17-00.49.21:153][271]LogAssetEditorManager: Opening Asset editor for Class /Script/ProjActors.MyGameMode
[2020.04.17-00.53.24:682][ 83]Candidate modules for hot reload:
[2020.04.17-00.53.24:682][ 83]  ProjActors
[2020.04.17-00.53.24:682][ 83]Launching UnrealBuildTool... [C:/Program Files/Epic Games/UE_4.22/Engine/Binaries/DotNET/UnrealBuildTool.exe  -ModuleWithSuffix=ProjActors,2742 Win64 Development -TargetType=Editor -Project="E:/Git/UnrealStudies/Games/ProjActors/ProjActors.uproject" "E:/Git/UnrealStudies/Games/ProjActors/ProjActors.uproject"  -IgnoreJunk]
[2020.04.17-00.53.24:684][ 83]Warning: Starting HotReload took  0.0s.
[2020.04.17-00.53.50:753][941]CompilerResultsLog: New page: Compilation - Apr 16, 2020, 6:53:50 PM
[2020.04.17-00.53.50:753][941]CompilerResultsLog: Creating makefile for ProjActorsEditor (ini files are newer than makefile)
[2020.04.17-00.53.50:753][941]CompilerResultsLog: Parsing headers for ProjActorsEditor
[2020.04.17-00.53.50:753][941]CompilerResultsLog:   Running UnrealHeaderTool "E:\Git\UnrealStudies\Games\ProjActors\ProjActors.uproject" "E:\Git\UnrealStudies\Games\ProjActors\Intermediate\Build\Win64\ProjActorsEditor\Development\ProjActorsEditor.uhtmanifest" -LogCmds="loginit warning, logexit warning, logdatabase error" -Unattended -WarningsAsErrors -installed
[2020.04.17-00.53.50:753][941]CompilerResultsLog: Reflection code generated for ProjActorsEditor in 4.9870524 seconds
[2020.04.17-00.53.50:754][941]CompilerResultsLog: Using Visual Studio 2019 14.24.28314 toolchain (C:\Program Files (x86)\Microsoft Visual Studio\2019\Enterprise\VC\Tools\MSVC\14.24.28314) and Windows 10.0.18362.0 SDK (C:\Program Files (x86)\Windows Kits\10).
[2020.04.17-00.53.50:754][941]CompilerResultsLog: Building 5 actions with 6 processes...
[2020.04.17-00.53.50:754][941]CompilerResultsLog:   [1/5] MyGameMode.gen.cpp
[2020.04.17-00.53.50:754][941]CompilerResultsLog:   [2/5] MyGameMode.cpp
[2020.04.17-00.53.50:754][941]CompilerResultsLog:    E:\Git\UnrealStudies\Games\ProjActors\Source\ProjActors\MyGameMode.cpp(16) : error C2143: syntax error: missing ';' before '}'
[2020.04.17-00.53.50:754][941]CompilerResultsLog:    E:\Git\UnrealStudies\Games\ProjActors\Source\ProjActors\MyGameMode.cpp(38) : error C2084: function 'void AMyGameMode::StartPlay(void)' already has a body
[2020.04.17-00.53.50:754][941]CompilerResultsLog:   E:\Git\UnrealStudies\Games\ProjActors\Source\ProjActors\MyGameMode.cpp(12): note: see previous definition of 'StartPlay'
[2020.04.17-00.53.50:754][941]LogMainFrame: MainFrame: Module compiling took 26.074 seconds
[2020.04.17-00.53.50:754][941]Warning: HotReload failed, recompile failed
[2020.04.17-01.08.35:484][691]Candidate modules for hot reload:
[2020.04.17-01.08.35:484][691]  ProjActors
[2020.04.17-01.08.35:484][691]Launching UnrealBuildTool... [C:/Program Files/Epic Games/UE_4.22/Engine/Binaries/DotNET/UnrealBuildTool.exe  -ModuleWithSuffix=ProjActors,8704 Win64 Development -TargetType=Editor -Project="E:/Git/UnrealStudies/Games/ProjActors/ProjActors.uproject" "E:/Git/UnrealStudies/Games/ProjActors/ProjActors.uproject"  -IgnoreJunk]
[2020.04.17-01.08.35:485][691]Warning: Starting HotReload took  0.0s.
[2020.04.17-01.09.08:690][921]CompilerResultsLog: New page: Compilation - Apr 16, 2020, 7:09:08 PM
[2020.04.17-01.09.08:691][921]CompilerResultsLog: Parsing headers for ProjActorsEditor
[2020.04.17-01.09.08:691][921]CompilerResultsLog:   Running UnrealHeaderTool "E:\Git\UnrealStudies\Games\ProjActors\ProjActors.uproject" "E:\Git\UnrealStudies\Games\ProjActors\Intermediate\Build\Win64\ProjActorsEditor\Development\ProjActorsEditor.uhtmanifest" -LogCmds="loginit warning, logexit warning, logdatabase error" -Unattended -WarningsAsErrors -installed
[2020.04.17-01.09.08:691][921]CompilerResultsLog: Reflection code generated for ProjActorsEditor in 4.8459204 seconds
[2020.04.17-01.09.08:691][921]CompilerResultsLog: Using Visual Studio 2019 14.24.28314 toolchain (C:\Program Files (x86)\Microsoft Visual Studio\2019\Enterprise\VC\Tools\MSVC\14.24.28314) and Windows 10.0.18362.0 SDK (C:\Program Files (x86)\Windows Kits\10).
[2020.04.17-01.09.08:691][921]CompilerResultsLog: Building 8 actions with 6 processes...
[2020.04.17-01.09.08:691][921]CompilerResultsLog:   [1/8] MyGameMode.cpp
[2020.04.17-01.09.08:691][921]CompilerResultsLog:    E:\Git\UnrealStudies\Games\ProjActors\Source\ProjActors\MyGameMode.cpp(16) : error C2143: syntax error: missing ';' before '}'
[2020.04.17-01.09.08:691][921]CompilerResultsLog:    E:\Git\UnrealStudies\Games\ProjActors\Source\ProjActors\MyGameMode.cpp(38) : error C2084: function 'void AMyGameMode::StartPlay(void)' already has a body
[2020.04.17-01.09.08:691][921]CompilerResultsLog:   E:\Git\UnrealStudies\Games\ProjActors\Source\ProjActors\MyGameMode.cpp(12): note: see previous definition of 'StartPlay'
[2020.04.17-01.09.08:691][921]CompilerResultsLog:   [2/8] ProjActors.init.gen.cpp
[2020.04.17-01.09.08:691][921]CompilerResultsLog:   [3/8] InsertGranades.cpp
[2020.04.17-01.09.08:691][921]CompilerResultsLog:   [4/8] Granade.gen.cpp
[2020.04.17-01.09.08:691][921]CompilerResultsLog:   [5/8] Granade.cpp
[2020.04.17-01.09.08:691][921]LogMainFrame: MainFrame: Module compiling took 33.209 seconds
[2020.04.17-01.09.08:691][921]Warning: HotReload failed, recompile failed
[2020.04.17-01.09.18:580][541]LogVSAccessor: Warning: Couldn't goto line number '16' in 'E:\Git\UnrealStudies\Games\ProjActors\Source\ProjActors\MyGameMode.cpp'
[2020.04.17-01.09.32:869][922]LogSlate: Window 'Message Log' being destroyed
[2020.04.17-01.09.32:872][922]LogSlate: Window 'Message Log' being destroyed
[2020.04.17-01.09.33:760][ 28]Candidate modules for hot reload:
[2020.04.17-01.09.33:760][ 28]  ProjActors
[2020.04.17-01.09.33:760][ 28]Launching UnrealBuildTool... [C:/Program Files/Epic Games/UE_4.22/Engine/Binaries/DotNET/UnrealBuildTool.exe  -ModuleWithSuffix=ProjActors,7233 Win64 Development -TargetType=Editor -Project="E:/Git/UnrealStudies/Games/ProjActors/ProjActors.uproject" "E:/Git/UnrealStudies/Games/ProjActors/ProjActors.uproject"  -IgnoreJunk]
[2020.04.17-01.09.33:762][ 28]Warning: Starting HotReload took  0.0s.
[2020.04.17-01.09.40:278][795]CompilerResultsLog: New page: Compilation - Apr 16, 2020, 7:09:40 PM
[2020.04.17-01.09.40:278][795]CompilerResultsLog: Parsing headers for ProjActorsEditor
[2020.04.17-01.09.40:278][795]CompilerResultsLog:   Running UnrealHeaderTool "E:\Git\UnrealStudies\Games\ProjActors\ProjActors.uproject" "E:\Git\UnrealStudies\Games\ProjActors\Intermediate\Build\Win64\ProjActorsEditor\Development\ProjActorsEditor.uhtmanifest" -LogCmds="loginit warning, logexit warning, logdatabase error" -Unattended -WarningsAsErrors -installed
[2020.04.17-01.09.40:278][795]CompilerResultsLog: Reflection code generated for ProjActorsEditor in 4.909516 seconds
[2020.04.17-01.09.40:278][795]CompilerResultsLog: Using Visual Studio 2019 14.24.28314 toolchain (C:\Program Files (x86)\Microsoft Visual Studio\2019\Enterprise\VC\Tools\MSVC\14.24.28314) and Windows 10.0.18362.0 SDK (C:\Program Files (x86)\Windows Kits\10).
[2020.04.17-01.09.40:278][795]CompilerResultsLog: Building 4 actions with 6 processes...
[2020.04.17-01.09.40:278][795]CompilerResultsLog:   [1/4] MyGameMode.cpp
[2020.04.17-01.09.40:278][795]CompilerResultsLog:    E:\Git\UnrealStudies\Games\ProjActors\Source\ProjActors\MyGameMode.cpp(38) : error C2084: function 'void AMyGameMode::StartPlay(void)' already has a body
[2020.04.17-01.09.40:278][795]CompilerResultsLog:   E:\Git\UnrealStudies\Games\ProjActors\Source\ProjActors\MyGameMode.cpp(12): note: see previous definition of 'StartPlay'
[2020.04.17-01.09.40:278][795]LogMainFrame: MainFrame: Module compiling took 6.521 seconds
[2020.04.17-01.09.40:279][795]Warning: HotReload failed, recompile failed
[2020.04.17-01.10.18:780][925]LogSlate: Window 'Message Log' being destroyed
[2020.04.17-01.10.18:784][925]LogSlate: Window 'Message Log' being destroyed
[2020.04.17-01.10.19:501][  8]Candidate modules for hot reload:
[2020.04.17-01.10.19:501][  8]  ProjActors
[2020.04.17-01.10.19:501][  8]Launching UnrealBuildTool... [C:/Program Files/Epic Games/UE_4.22/Engine/Binaries/DotNET/UnrealBuildTool.exe  -ModuleWithSuffix=ProjActors,4865 Win64 Development -TargetType=Editor -Project="E:/Git/UnrealStudies/Games/ProjActors/ProjActors.uproject" "E:/Git/UnrealStudies/Games/ProjActors/ProjActors.uproject"  -IgnoreJunk]
[2020.04.17-01.10.19:502][  8]Warning: Starting HotReload took  0.0s.
[2020.04.17-01.10.28:512][797]CompilerResultsLog: New page: Compilation - Apr 16, 2020, 7:10:28 PM
[2020.04.17-01.10.28:513][797]CompilerResultsLog: Parsing headers for ProjActorsEditor
[2020.04.17-01.10.28:513][797]CompilerResultsLog:   Running UnrealHeaderTool "E:\Git\UnrealStudies\Games\ProjActors\ProjActors.uproject" "E:\Git\UnrealStudies\Games\ProjActors\Intermediate\Build\Win64\ProjActorsEditor\Development\ProjActorsEditor.uhtmanifest" -LogCmds="loginit warning, logexit warning, logdatabase error" -Unattended -WarningsAsErrors -installed
[2020.04.17-01.10.28:513][797]CompilerResultsLog: Reflection code generated for ProjActorsEditor in 5.0028252 seconds
[2020.04.17-01.10.28:513][797]CompilerResultsLog: Using Visual Studio 2019 14.24.28314 toolchain (C:\Program Files (x86)\Microsoft Visual Studio\2019\Enterprise\VC\Tools\MSVC\14.24.28314) and Windows 10.0.18362.0 SDK (C:\Program Files (x86)\Windows Kits\10).
[2020.04.17-01.10.28:513][797]CompilerResultsLog: Building 4 actions with 6 processes...
[2020.04.17-01.10.28:513][797]CompilerResultsLog:   [1/4] MyGameMode.cpp
[2020.04.17-01.10.28:513][797]CompilerResultsLog:   [2/4] UE4Editor-ProjActors-4865.lib
[2020.04.17-01.10.28:513][797]CompilerResultsLog:      Creating library E:\Git\UnrealStudies\Games\ProjActors\Intermediate\Build\Win64\UE4Editor\Development\ProjActors\UE4Editor-ProjActors-4865.lib and object E:\Git\UnrealStudies\Games\ProjActors\Intermediate\Build\Win64\UE4Editor\Development\ProjActors\UE4Editor-ProjActors-4865.exp
[2020.04.17-01.10.28:513][797]CompilerResultsLog:   [3/4] UE4Editor-ProjActors-4865.dll
[2020.04.17-01.10.28:513][797]CompilerResultsLog:      Creating library E:\Git\UnrealStudies\Games\ProjActors\Intermediate\Build\Win64\UE4Editor\Development\ProjActors\UE4Editor-ProjActors-4865.suppressed.lib and object E:\Git\UnrealStudies\Games\ProjActors\Intermediate\Build\Win64\UE4Editor\Development\ProjActors\UE4Editor-ProjActors-4865.suppressed.exp
[2020.04.17-01.10.28:513][797]CompilerResultsLog:   [4/4] ProjActorsEditor.target
[2020.04.17-01.10.28:513][797]CompilerResultsLog: Total time in Parallel executor: 2.99 seconds
[2020.04.17-01.10.28:513][797]CompilerResultsLog: Total execution time: 8.76 seconds
[2020.04.17-01.10.28:513][797]LogMainFrame: MainFrame: Module compiling took 9.014 seconds
[2020.04.17-01.10.28:533][797]LogUObjectHash: Compacting FUObjectHashTables data took   0.97ms
[2020.04.17-01.10.28:545][797]LogClass: Could not find existing class Granade in package /Script/ProjActors for HotReload, assuming new class
[2020.04.17-01.10.28:546][797]LogClass: Function BlowupGranade is new.
[2020.04.17-01.10.28:546][797]LogClass: Function RestoreTime is new.
[2020.04.17-01.10.28:546][797]LogClass: Function SlowTime is new.
[2020.04.17-01.10.28:553][797]LogHotReload: Re-instancing Granade after hot-reload.
[2020.04.17-01.10.28:614][797]LogContentBrowser: Native class hierarchy updated for 'ProjActors' in 0.0004 seconds. Added 4 classes and 2 folders.
[2020.04.17-01.10.28:616][797]Display: HotReload successful (0 functions remapped  0 scriptstructs remapped)
[2020.04.17-01.10.28:657][797]LogUObjectHash: Compacting FUObjectHashTables data took   0.99ms
[2020.04.17-01.10.28:668][797]LogContentBrowser: Native class hierarchy populated in 0.0074 seconds. Added 2737 classes and 663 folders.
[2020.04.17-01.10.28:668][797]Display: HotReload took  9.2s.
[2020.04.17-01.10.31:856][806]LogEditorViewport: Clicking on Actor (LMB): BP_Sky_Sphere_C (BP_Sky_Sphere)
[2020.04.17-01.10.32:839][917]LogTemp: Repeating last play command: Selected Viewport
[2020.04.17-01.10.32:849][917]LogBlueprintUserMessages: Early PlayInEditor Detection: Level '/Game/StarterContent/Maps/Minimal_Default.Minimal_Default:PersistentLevel' has LevelScriptBlueprint '/Game/StarterContent/Maps/Minimal_Default.Minimal_Default:PersistentLevel.Minimal_Default' with GeneratedClass '/Game/StarterContent/Maps/Minimal_Default.Minimal_Default_C' with ClassGeneratedBy '/Game/StarterContent/Maps/Minimal_Default.Minimal_Default:PersistentLevel.Minimal_Default'
[2020.04.17-01.10.32:849][917]LogPlayLevel: PlayLevel: No blueprints needed recompiling
[2020.04.17-01.10.32:850][917]PIE: New page: PIE session: Minimal_Default (Apr 16, 2020, 7:10:32 PM)
[2020.04.17-01.10.32:850][917]LogPlayLevel: Creating play world package: /Game/StarterContent/Maps/UEDPIE_0_Minimal_Default
[2020.04.17-01.10.32:853][917]LogPlayLevel: PIE: StaticDuplicateObject took: (0.002917s)
[2020.04.17-01.10.32:853][917]LogAIModule: Creating AISystem for world Minimal_Default
[2020.04.17-01.10.32:853][917]LogPlayLevel: PIE: World Init took: (0.000564s)
[2020.04.17-01.10.32:853][917]LogPlayLevel: PIE: Created PIE world by copying editor world from /Game/StarterContent/Maps/Minimal_Default.Minimal_Default to /Game/StarterContent/Maps/UEDPIE_0_Minimal_Default.Minimal_Default (0.003622s)
[2020.04.17-01.10.32:873][917]LogUObjectHash: Compacting FUObjectHashTables data took   0.86ms
[2020.04.17-01.10.32:906][917]LogInit: XAudio2 using 'Fones de ouvido (4- Razer Kraken USB)' : 2 channels at 48 kHz using 16 bits per sample (channel mask 0x3)
[2020.04.17-01.10.32:916][917]LogInit: FAudioDevice initialized.
[2020.04.17-01.10.32:917][917]LogSlate: FSceneViewport::OnFocusLost() reason 2
[2020.04.17-01.10.32:944][917]LogLoad: Game class is 'MyGameMode'
[2020.04.17-01.10.32:945][917]LogWorld: Bringing World /Game/StarterContent/Maps/UEDPIE_0_Minimal_Default.Minimal_Default up for play (max tick rate 0) at 2020.04.16-22.10.32
[2020.04.17-01.10.32:945][917]LogWorld: Bringing up level for play took: 0.000600
[2020.04.17-01.10.32:958][917]LogTemp: Warning: Target Points Found 6
[2020.04.17-01.10.32:958][917]LogTemp: Warning: Transform = X=-60.000 Y=0.000 Z=150.000
[2020.04.17-01.10.32:958][917]LogTemp: Warning: Transform = X=-60.000 Y=100.000 Z=150.000
[2020.04.17-01.10.32:958][917]LogTemp: Warning: Transform = X=-60.000 Y=-110.000 Z=150.000
[2020.04.17-01.10.32:958][917]LogTemp: Warning: Transform = X=-60.000 Y=0.000 Z=200.000
[2020.04.17-01.10.32:958][917]LogTemp: Warning: Transform = X=-60.000 Y=50.000 Z=180.000
[2020.04.17-01.10.32:959][917]LogTemp: Warning: Transform = X=-60.000 Y=-60.000 Z=180.000
[2020.04.17-01.10.32:959][917]PIE: Play in editor start time for /Game/StarterContent/Maps/UEDPIE_0_Minimal_Default -0.278
[2020.04.17-01.10.32:959][917]LogBlueprintUserMessages: Late PlayInEditor Detection: Level '/Game/StarterContent/Maps/Minimal_Default.Minimal_Default:PersistentLevel' has LevelScriptBlueprint '/Game/StarterContent/Maps/Minimal_Default.Minimal_Default:PersistentLevel.Minimal_Default' with GeneratedClass '/Game/StarterContent/Maps/Minimal_Default.Minimal_Default_C' with ClassGeneratedBy '/Game/StarterContent/Maps/Minimal_Default.Minimal_Default:PersistentLevel.Minimal_Default'
[2020.04.17-01.11.09:448][975]LogBlueprintUserMessages: Early EndPlayMap Detection: Level '/Game/StarterContent/Maps/Minimal_Default.Minimal_Default:PersistentLevel' has LevelScriptBlueprint '/Game/StarterContent/Maps/Minimal_Default.Minimal_Default:PersistentLevel.Minimal_Default' with GeneratedClass '/Game/StarterContent/Maps/Minimal_Default.Minimal_Default_C' with ClassGeneratedBy '/Game/StarterContent/Maps/Minimal_Default.Minimal_Default:PersistentLevel.Minimal_Default'
[2020.04.17-01.11.09:448][975]LogSlate: Updating window title bar state: overlay mode, drag disabled, window buttons hidden, title bar hidden
[2020.04.17-01.11.09:478][975]LogPlayLevel: Display: Shutting down PIE online subsystems
[2020.04.17-01.11.09:478][975]LogBlueprintUserMessages: Late EndPlayMap Detection: Level '/Game/StarterContent/Maps/Minimal_Default.Minimal_Default:PersistentLevel' has LevelScriptBlueprint '/Game/StarterContent/Maps/Minimal_Default.Minimal_Default:PersistentLevel.Minimal_Default' with GeneratedClass '/Game/StarterContent/Maps/Minimal_Default.Minimal_Default_C' with ClassGeneratedBy '/Game/StarterContent/Maps/Minimal_Default.Minimal_Default:PersistentLevel.Minimal_Default'
[2020.04.17-01.11.09:502][975]LogSlate: Updating window title bar state: overlay mode, drag disabled, window buttons hidden, title bar hidden
[2020.04.17-01.11.09:504][975]LogUObjectHash: Compacting FUObjectHashTables data took   0.88ms
[2020.04.17-01.11.09:549][978]LogPlayLevel: Display: Destroying online subsystem :Context_3
[2020.04.17-01.11.12:502][122]LogSlate: FSceneViewport::OnFocusLost() reason 0
[2020.04.17-01.11.12:719][122]LogAssetEditorManager: Opening Asset editor for Class /Script/ProjActors.MyGameMode
[2020.04.17-01.12.26:406][391]Candidate modules for hot reload:
[2020.04.17-01.12.26:406][391]  ProjActors
[2020.04.17-01.12.26:406][391]Launching UnrealBuildTool... [C:/Program Files/Epic Games/UE_4.22/Engine/Binaries/DotNET/UnrealBuildTool.exe  -ModuleWithSuffix=ProjActors,6082 Win64 Development -TargetType=Editor -Project="E:/Git/UnrealStudies/Games/ProjActors/ProjActors.uproject" "E:/Git/UnrealStudies/Games/ProjActors/ProjActors.uproject"  -IgnoreJunk]
[2020.04.17-01.12.26:407][391]Warning: Starting HotReload took  0.0s.
[2020.04.17-01.12.44:837][585]CompilerResultsLog: New page: Compilation - Apr 16, 2020, 7:12:44 PM
[2020.04.17-01.12.44:837][585]CompilerResultsLog: Parsing headers for ProjActorsEditor
[2020.04.17-01.12.44:837][585]CompilerResultsLog:   Running UnrealHeaderTool "E:\Git\UnrealStudies\Games\ProjActors\ProjActors.uproject" "E:\Git\UnrealStudies\Games\ProjActors\Intermediate\Build\Win64\ProjActorsEditor\Development\ProjActorsEditor.uhtmanifest" -LogCmds="loginit warning, logexit warning, logdatabase error" -Unattended -WarningsAsErrors -installed
[2020.04.17-01.12.44:837][585]CompilerResultsLog: Reflection code generated for ProjActorsEditor in 4.9592373 seconds
[2020.04.17-01.12.44:837][585]CompilerResultsLog: Using Visual Studio 2019 14.24.28314 toolchain (C:\Program Files (x86)\Microsoft Visual Studio\2019\Enterprise\VC\Tools\MSVC\14.24.28314) and Windows 10.0.18362.0 SDK (C:\Program Files (x86)\Windows Kits\10).
[2020.04.17-01.12.44:837][585]CompilerResultsLog: Building 6 actions with 6 processes...
[2020.04.17-01.12.44:837][585]CompilerResultsLog:   [1/6] Granade.gen.cpp
[2020.04.17-01.12.44:837][585]CompilerResultsLog:   [2/6] MyGameMode.cpp
[2020.04.17-01.12.44:837][585]CompilerResultsLog:   [3/6] Granade.cpp
[2020.04.17-01.12.44:837][585]CompilerResultsLog:   [4/6] UE4Editor-ProjActors-6082.lib
[2020.04.17-01.12.44:837][585]CompilerResultsLog:      Creating library E:\Git\UnrealStudies\Games\ProjActors\Intermediate\Build\Win64\UE4Editor\Development\ProjActors\UE4Editor-ProjActors-6082.lib and object E:\Git\UnrealStudies\Games\ProjActors\Intermediate\Build\Win64\UE4Editor\Development\ProjActors\UE4Editor-ProjActors-6082.exp
[2020.04.17-01.12.44:837][585]CompilerResultsLog:   [5/6] UE4Editor-ProjActors-6082.dll
[2020.04.17-01.12.44:837][585]CompilerResultsLog:      Creating library E:\Git\UnrealStudies\Games\ProjActors\Intermediate\Build\Win64\UE4Editor\Development\ProjActors\UE4Editor-ProjActors-6082.suppressed.lib and object E:\Git\UnrealStudies\Games\ProjActors\Intermediate\Build\Win64\UE4Editor\Development\ProjActors\UE4Editor-ProjActors-6082.suppressed.exp
[2020.04.17-01.12.44:837][585]CompilerResultsLog:   [6/6] ProjActorsEditor.target
[2020.04.17-01.12.44:837][585]CompilerResultsLog: Total time in Parallel executor: 12.62 seconds
[2020.04.17-01.12.44:837][585]CompilerResultsLog: Total execution time: 18.36 seconds
[2020.04.17-01.12.44:837][585]LogMainFrame: MainFrame: Module compiling took 18.434 seconds
[2020.04.17-01.12.44:856][585]LogUObjectHash: Compacting FUObjectHashTables data took   1.22ms
[2020.04.17-01.12.44:870][585]LogClass: Could not find existing class Granade in package /Script/ProjActors for HotReload, assuming new class
[2020.04.17-01.12.44:870][585]LogClass: Function BlowupGranade is new.
[2020.04.17-01.12.44:870][585]LogClass: Function RestoreTime is new.
[2020.04.17-01.12.44:870][585]LogClass: Function SlowTime is new.
[2020.04.17-01.12.44:875][585]LogHotReload: Re-instancing Granade after hot-reload.
[2020.04.17-01.12.44:927][585]LogContentBrowser: Native class hierarchy updated for 'ProjActors' in 0.0004 seconds. Added 4 classes and 2 folders.
[2020.04.17-01.12.44:929][585]Display: HotReload successful (0 functions remapped  0 scriptstructs remapped)
[2020.04.17-01.12.44:969][585]LogUObjectHash: Compacting FUObjectHashTables data took   1.09ms
[2020.04.17-01.12.44:979][585]LogContentBrowser: Native class hierarchy populated in 0.0072 seconds. Added 2737 classes and 663 folders.
[2020.04.17-01.12.44:980][585]Display: HotReload took 18.6s.
[2020.04.17-01.12.48:905][898]LogTemp: Repeating last play command: Selected Viewport
[2020.04.17-01.12.48:915][898]LogBlueprintUserMessages: Early PlayInEditor Detection: Level '/Game/StarterContent/Maps/Minimal_Default.Minimal_Default:PersistentLevel' has LevelScriptBlueprint '/Game/StarterContent/Maps/Minimal_Default.Minimal_Default:PersistentLevel.Minimal_Default' with GeneratedClass '/Game/StarterContent/Maps/Minimal_Default.Minimal_Default_C' with ClassGeneratedBy '/Game/StarterContent/Maps/Minimal_Default.Minimal_Default:PersistentLevel.Minimal_Default'
[2020.04.17-01.12.48:915][898]LogPlayLevel: PlayLevel: No blueprints needed recompiling
[2020.04.17-01.12.48:915][898]PIE: New page: PIE session: Minimal_Default (Apr 16, 2020, 7:12:48 PM)
[2020.04.17-01.12.48:916][898]LogPlayLevel: Creating play world package: /Game/StarterContent/Maps/UEDPIE_0_Minimal_Default
[2020.04.17-01.12.48:919][898]LogPlayLevel: PIE: StaticDuplicateObject took: (0.003505s)
[2020.04.17-01.12.48:920][898]LogAIModule: Creating AISystem for world Minimal_Default
[2020.04.17-01.12.48:920][898]LogPlayLevel: PIE: World Init took: (0.000560s)
[2020.04.17-01.12.48:920][898]LogPlayLevel: PIE: Created PIE world by copying editor world from /Game/StarterContent/Maps/Minimal_Default.Minimal_Default to /Game/StarterContent/Maps/UEDPIE_0_Minimal_Default.Minimal_Default (0.004220s)
[2020.04.17-01.12.48:940][898]LogUObjectHash: Compacting FUObjectHashTables data took   0.84ms
[2020.04.17-01.12.48:974][898]LogInit: XAudio2 using 'Fones de ouvido (4- Razer Kraken USB)' : 2 channels at 48 kHz using 16 bits per sample (channel mask 0x3)
[2020.04.17-01.12.48:984][898]LogInit: FAudioDevice initialized.
[2020.04.17-01.12.49:012][898]LogLoad: Game class is 'MyGameMode'
[2020.04.17-01.12.49:014][898]LogWorld: Bringing World /Game/StarterContent/Maps/UEDPIE_0_Minimal_Default.Minimal_Default up for play (max tick rate 0) at 2020.04.16-22.12.49
[2020.04.17-01.12.49:014][898]LogWorld: Bringing up level for play took: 0.000618
[2020.04.17-01.12.49:027][898]PIE: Play in editor start time for /Game/StarterContent/Maps/UEDPIE_0_Minimal_Default -0.21
[2020.04.17-01.12.49:027][898]LogBlueprintUserMessages: Late PlayInEditor Detection: Level '/Game/StarterContent/Maps/Minimal_Default.Minimal_Default:PersistentLevel' has LevelScriptBlueprint '/Game/StarterContent/Maps/Minimal_Default.Minimal_Default:PersistentLevel.Minimal_Default' with GeneratedClass '/Game/StarterContent/Maps/Minimal_Default.Minimal_Default_C' with ClassGeneratedBy '/Game/StarterContent/Maps/Minimal_Default.Minimal_Default:PersistentLevel.Minimal_Default'
[2020.04.17-01.13.03:291][606]LogBlueprintUserMessages: Early EndPlayMap Detection: Level '/Game/StarterContent/Maps/Minimal_Default.Minimal_Default:PersistentLevel' has LevelScriptBlueprint '/Game/StarterContent/Maps/Minimal_Default.Minimal_Default:PersistentLevel.Minimal_Default' with GeneratedClass '/Game/StarterContent/Maps/Minimal_Default.Minimal_Default_C' with ClassGeneratedBy '/Game/StarterContent/Maps/Minimal_Default.Minimal_Default:PersistentLevel.Minimal_Default'
[2020.04.17-01.13.03:291][606]LogSlate: Updating window title bar state: overlay mode, drag disabled, window buttons hidden, title bar hidden
[2020.04.17-01.13.03:318][606]LogPlayLevel: Display: Shutting down PIE online subsystems
[2020.04.17-01.13.03:318][606]LogBlueprintUserMessages: Late EndPlayMap Detection: Level '/Game/StarterContent/Maps/Minimal_Default.Minimal_Default:PersistentLevel' has LevelScriptBlueprint '/Game/StarterContent/Maps/Minimal_Default.Minimal_Default:PersistentLevel.Minimal_Default' with GeneratedClass '/Game/StarterContent/Maps/Minimal_Default.Minimal_Default_C' with ClassGeneratedBy '/Game/StarterContent/Maps/Minimal_Default.Minimal_Default:PersistentLevel.Minimal_Default'
[2020.04.17-01.13.03:341][606]LogSlate: Updating window title bar state: overlay mode, drag disabled, window buttons hidden, title bar hidden
[2020.04.17-01.13.03:343][606]LogUObjectHash: Compacting FUObjectHashTables data took   0.80ms
[2020.04.17-01.13.03:397][611]LogPlayLevel: Display: Destroying online subsystem :Context_4
[2020.04.17-01.36.06:470][899]LogSlate: FSceneViewport::OnFocusLost() reason 0
